---------------------------------------------------------------
[ 2020-05-03T22:11:49+08:00 ] 0.0.0.0 GET www.ljs.com/
[运行时间：0.326505s] [吞吐率：3.06req/s] [内存消耗：220.92kb] [文件加载：43]
[ info ] [ LANG ] E:\code\git\Fixed-Assets-Management-System\www\thinkphp\lang\zh-cn.php
[ info ] [ ROUTE ] array (
  'type' => 'module',
  'module' => 
  array (
    0 => '',
    1 => NULL,
    2 => NULL,
  ),
)
[ info ] [ HEADER ] array (
  'host' => 'www.ljs.com',
  'connection' => 'keep-alive',
  'upgrade-insecure-requests' => '1',
  'user-agent' => 'Mozilla/5.0 (Windows NT 10.0; Win64; x64) AppleWebKit/537.36 (KHTML, like Gecko) Chrome/79.0.3945.117 Safari/537.36',
  'accept' => 'text/html,application/xhtml+xml,application/xml;q=0.9,image/webp,image/apng,*/*;q=0.8,application/signed-exchange;v=b3;q=0.9',
  'accept-encoding' => 'gzip, deflate',
  'accept-language' => 'zh-CN,zh;q=0.9',
  'cookie' => 'pgv_pvi=5757892608',
)
[ info ] [ PARAM ] array (
)
[ info ] [ RUN ] app\app\controller\Home->index[ E:\code\git\Fixed-Assets-Management-System\www\application\app\controller\Home.php ]
[ info ] [ SESSION ] INIT array (
  'id' => '',
  'var_session_id' => '',
  'prefix' => 'think',
  'type' => '',
  'auto_start' => true,
)
[ info ] [ VIEW ] E:\code\git\Fixed-Assets-Management-System\www\thinkphp\tpl\dispatch_error_jump.tpl [ array (
  0 => 'code',
  1 => 'msg',
  2 => 'data',
  3 => 'url',
  4 => 'wait',
) ]
[ info ] [ LOG ] INIT File
---------------------------------------------------------------
[ 2020-05-03T22:11:50+08:00 ] 0.0.0.0 GET www.ljs.com/login/home/index
[运行时间：0.034989s] [吞吐率：28.58req/s] [内存消耗：87.61kb] [文件加载：42]
[ info ] [ LANG ] E:\code\git\Fixed-Assets-Management-System\www\thinkphp\lang\zh-cn.php
[ info ] [ ROUTE ] array (
  'type' => 'module',
  'module' => 
  array (
    0 => 'login',
    1 => 'home',
    2 => 'index',
  ),
)
[ info ] [ HEADER ] array (
  'host' => 'www.ljs.com',
  'connection' => 'keep-alive',
  'upgrade-insecure-requests' => '1',
  'user-agent' => 'Mozilla/5.0 (Windows NT 10.0; Win64; x64) AppleWebKit/537.36 (KHTML, like Gecko) Chrome/79.0.3945.117 Safari/537.36',
  'accept' => 'text/html,application/xhtml+xml,application/xml;q=0.9,image/webp,image/apng,*/*;q=0.8,application/signed-exchange;v=b3;q=0.9',
  'referer' => 'http://www.ljs.com/',
  'accept-encoding' => 'gzip, deflate',
  'accept-language' => 'zh-CN,zh;q=0.9',
  'cookie' => 'pgv_pvi=5757892608; PHPSESSID=1skapnc91lsleisi4doneoakmv',
)
[ info ] [ PARAM ] array (
)
[ info ] [ RUN ] app\login\controller\Home->index[ E:\code\git\Fixed-Assets-Management-System\www\application\login\controller\Home.php ]
[ info ] [ VIEW ] E:\code\git\Fixed-Assets-Management-System\www\public/../application/login\view\home\index.html [ array (
) ]
[ info ] [ LOG ] INIT File
---------------------------------------------------------------
[ 2020-05-03T22:11:50+08:00 ] 0.0.0.0 GET www.ljs.com/static/layer/layer.js
[运行时间：0.026815s] [吞吐率：37.29req/s] [内存消耗：56.59kb] [文件加载：35]
[ info ] [ LANG ] E:\code\git\Fixed-Assets-Management-System\www\thinkphp\lang\zh-cn.php
[ info ] [ ROUTE ] array (
  'type' => 'module',
  'module' => 
  array (
    0 => 'static',
    1 => 'layer',
    2 => 'layer.js',
  ),
)
[ info ] [ HEADER ] array (
  'host' => 'www.ljs.com',
  'connection' => 'keep-alive',
  'user-agent' => 'Mozilla/5.0 (Windows NT 10.0; Win64; x64) AppleWebKit/537.36 (KHTML, like Gecko) Chrome/79.0.3945.117 Safari/537.36',
  'accept' => '*/*',
  'referer' => 'http://www.ljs.com/login/home/index',
  'accept-encoding' => 'gzip, deflate',
  'accept-language' => 'zh-CN,zh;q=0.9',
  'cookie' => 'pgv_pvi=5757892608; PHPSESSID=1skapnc91lsleisi4doneoakmv',
)
[ info ] [ PARAM ] array (
)
[ info ] [ LOG ] INIT File
---------------------------------------------------------------
[ 2020-05-03T22:11:50+08:00 ] 0.0.0.0 GET www.ljs.com/captcha.html
[运行时间：0.063466s] [吞吐率：15.76req/s] [内存消耗：74.72kb] [文件加载：34]
[ info ] [ LANG ] E:\code\git\Fixed-Assets-Management-System\www\thinkphp\lang\zh-cn.php
[ info ] [ ROUTE ] array (
  'type' => 'method',
  'method' => 
  array (
    0 => '\\think\\captcha\\CaptchaController',
    1 => 'index',
  ),
  'var' => 
  array (
  ),
)
[ info ] [ HEADER ] array (
  'host' => 'www.ljs.com',
  'connection' => 'keep-alive',
  'user-agent' => 'Mozilla/5.0 (Windows NT 10.0; Win64; x64) AppleWebKit/537.36 (KHTML, like Gecko) Chrome/79.0.3945.117 Safari/537.36',
  'accept' => 'image/webp,image/apng,image/*,*/*;q=0.8',
  'referer' => 'http://www.ljs.com/login/home/index',
  'accept-encoding' => 'gzip, deflate',
  'accept-language' => 'zh-CN,zh;q=0.9',
  'cookie' => 'pgv_pvi=5757892608; PHPSESSID=1skapnc91lsleisi4doneoakmv',
)
[ info ] [ PARAM ] array (
  'id' => NULL,
)
[ info ] [ RUN ] think\captcha\CaptchaController->index[ E:\code\git\Fixed-Assets-Management-System\www\vendor\topthink\think-captcha\src\CaptchaController.php ]
[ info ] [ SESSION ] INIT array (
  'id' => '',
  'var_session_id' => '',
  'prefix' => 'think',
  'type' => '',
  'auto_start' => true,
)
[ info ] [ LOG ] INIT File
---------------------------------------------------------------
[ 2020-05-03T22:11:51+08:00 ] 0.0.0.0 GET www.ljs.com/captcha.html
[运行时间：0.022101s] [吞吐率：45.25req/s] [内存消耗：73.63kb] [文件加载：34]
[ info ] [ LANG ] E:\code\git\Fixed-Assets-Management-System\www\thinkphp\lang\zh-cn.php
[ info ] [ ROUTE ] array (
  'type' => 'method',
  'method' => 
  array (
    0 => '\\think\\captcha\\CaptchaController',
    1 => 'index',
  ),
  'var' => 
  array (
  ),
)
[ info ] [ HEADER ] array (
  'host' => 'www.ljs.com',
  'connection' => 'keep-alive',
  'user-agent' => 'Mozilla/5.0 (Windows NT 10.0; Win64; x64) AppleWebKit/537.36 (KHTML, like Gecko) Chrome/79.0.3945.117 Safari/537.36',
  'accept' => 'image/webp,image/apng,image/*,*/*;q=0.8',
  'referer' => 'http://www.ljs.com/login/home/index',
  'accept-encoding' => 'gzip, deflate',
  'accept-language' => 'zh-CN,zh;q=0.9',
  'cookie' => 'pgv_pvi=5757892608; PHPSESSID=1skapnc91lsleisi4doneoakmv',
)
[ info ] [ PARAM ] array (
  'id' => NULL,
)
[ info ] [ RUN ] think\captcha\CaptchaController->index[ E:\code\git\Fixed-Assets-Management-System\www\vendor\topthink\think-captcha\src\CaptchaController.php ]
[ info ] [ SESSION ] INIT array (
  'id' => '',
  'var_session_id' => '',
  'prefix' => 'think',
  'type' => '',
  'auto_start' => true,
)
[ info ] [ LOG ] INIT File
---------------------------------------------------------------
[ 2020-05-03T22:11:52+08:00 ] 0.0.0.0 GET www.ljs.com/login/home/login/phone/15541850199
[运行时间：0.110364s] [吞吐率：9.06req/s] [内存消耗：273.43kb] [文件加载：51]
[ info ] [ LANG ] E:\code\git\Fixed-Assets-Management-System\www\thinkphp\lang\zh-cn.php
[ info ] [ ROUTE ] array (
  'type' => 'module',
  'module' => 
  array (
    0 => 'login',
    1 => 'home',
    2 => 'login',
  ),
)
[ info ] [ HEADER ] array (
  'host' => 'www.ljs.com',
  'connection' => 'keep-alive',
  'upgrade-insecure-requests' => '1',
  'user-agent' => 'Mozilla/5.0 (Windows NT 10.0; Win64; x64) AppleWebKit/537.36 (KHTML, like Gecko) Chrome/79.0.3945.117 Safari/537.36',
  'accept' => 'text/html,application/xhtml+xml,application/xml;q=0.9,image/webp,image/apng,*/*;q=0.8,application/signed-exchange;v=b3;q=0.9',
  'referer' => 'http://www.ljs.com/login/home/index',
  'accept-encoding' => 'gzip, deflate',
  'accept-language' => 'zh-CN,zh;q=0.9',
  'cookie' => 'pgv_pvi=5757892608; PHPSESSID=1skapnc91lsleisi4doneoakmv',
)
[ info ] [ PARAM ] array (
  'phone' => '15541850199',
)
[ info ] [ RUN ] app\login\controller\Home->login[ E:\code\git\Fixed-Assets-Management-System\www\application\login\controller\Home.php ]
[ info ] [ DB ] INIT mysql
[ info ] [ SESSION ] INIT array (
  'id' => '',
  'var_session_id' => '',
  'prefix' => 'think',
  'type' => '',
  'auto_start' => true,
)
[ info ] [ VIEW ] E:\code\git\Fixed-Assets-Management-System\www\thinkphp\tpl\dispatch_success_jump.tpl [ array (
  0 => 'code',
  1 => 'msg',
  2 => 'data',
  3 => 'url',
  4 => 'wait',
) ]
[ info ] [ LOG ] INIT File
[ sql ] [ DB ] CONNECT:[ UseTime:0.004045s ] mysql:host=127.0.0.1;dbname=fams;charset=utf8
[ sql ] [ SQL ] SHOW COLUMNS FROM `fams_user` [ RunTime:0.015954s ]
[ sql ] [ SQL ] SELECT * FROM `fams_user` WHERE  `u_phone` = '15541850199'  AND `u_exist` = 1 [ RunTime:0.001375s ]
[ sql ] [ SQL ] SELECT * FROM `fams_user` WHERE  `u_id` = 1 [ RunTime:0.001291s ]
---------------------------------------------------------------
[ 2020-05-03T22:11:54+08:00 ] 0.0.0.0 GET www.ljs.com/app/home/index
[运行时间：0.073017s] [吞吐率：13.70req/s] [内存消耗：217.75kb] [文件加载：52]
[ info ] [ LANG ] E:\code\git\Fixed-Assets-Management-System\www\thinkphp\lang\zh-cn.php
[ info ] [ ROUTE ] array (
  'type' => 'module',
  'module' => 
  array (
    0 => 'app',
    1 => 'home',
    2 => 'index',
  ),
)
[ info ] [ HEADER ] array (
  'host' => 'www.ljs.com',
  'connection' => 'keep-alive',
  'upgrade-insecure-requests' => '1',
  'user-agent' => 'Mozilla/5.0 (Windows NT 10.0; Win64; x64) AppleWebKit/537.36 (KHTML, like Gecko) Chrome/79.0.3945.117 Safari/537.36',
  'accept' => 'text/html,application/xhtml+xml,application/xml;q=0.9,image/webp,image/apng,*/*;q=0.8,application/signed-exchange;v=b3;q=0.9',
  'referer' => 'http://www.ljs.com/login/home/login/phone/15541850199',
  'accept-encoding' => 'gzip, deflate',
  'accept-language' => 'zh-CN,zh;q=0.9',
  'cookie' => 'pgv_pvi=5757892608; PHPSESSID=1skapnc91lsleisi4doneoakmv',
)
[ info ] [ PARAM ] array (
)
[ info ] [ RUN ] app\app\controller\Home->index[ E:\code\git\Fixed-Assets-Management-System\www\application\app\controller\Home.php ]
[ info ] [ SESSION ] INIT array (
  'id' => '',
  'var_session_id' => '',
  'prefix' => 'think',
  'type' => '',
  'auto_start' => true,
)
[ info ] [ DB ] INIT mysql
[ info ] [ VIEW ] E:\code\git\Fixed-Assets-Management-System\www\public/../application/app\view\home\index.html [ array (
  0 => 'uName',
  1 => 'uHead',
  2 => 'powerNo',
) ]
[ info ] [ LOG ] INIT File
[ sql ] [ DB ] CONNECT:[ UseTime:0.001337s ] mysql:host=127.0.0.1;dbname=fams;charset=utf8
[ sql ] [ SQL ] SHOW COLUMNS FROM `fams_user` [ RunTime:0.012433s ]
[ sql ] [ SQL ] SELECT * FROM `fams_user` WHERE  `u_id` = 1 [ RunTime:0.000962s ]
[ sql ] [ SQL ] SELECT * FROM `fams_user` WHERE  `u_id` = 1 [ RunTime:0.000902s ]
[ sql ] [ SQL ] SHOW COLUMNS FROM `fams_person` [ RunTime:0.012392s ]
[ sql ] [ SQL ] SELECT * FROM `fams_person` WHERE  `p_id` = 1 [ RunTime:0.001105s ]
[ sql ] [ SQL ] SELECT * FROM `fams_user` WHERE  `u_id` = 1 [ RunTime:0.000902s ]
[ sql ] [ SQL ] SELECT * FROM `fams_user` WHERE  `u_id` = 1 [ RunTime:0.000769s ]
[ sql ] [ SQL ] SELECT * FROM `fams_user` WHERE  `u_id` = 1 [ RunTime:0.000677s ]
[ sql ] [ SQL ] SELECT * FROM `fams_user` WHERE  `u_id` = 1 [ RunTime:0.000722s ]
[ sql ] [ SQL ] SELECT * FROM `fams_person` WHERE  `p_id` = 1 [ RunTime:0.000785s ]
[ sql ] [ SQL ] SELECT * FROM `fams_user` WHERE  `u_id` = 1 [ RunTime:0.000819s ]
[ sql ] [ SQL ] SELECT * FROM `fams_user` WHERE  `u_id` = 1 [ RunTime:0.000807s ]
---------------------------------------------------------------
[ 2020-05-03T22:11:56+08:00 ] 0.0.0.0 GET www.ljs.com/app/assetimport
[运行时间：0.094412s] [吞吐率：10.59req/s] [内存消耗：233.59kb] [文件加载：52]
[ info ] [ LANG ] E:\code\git\Fixed-Assets-Management-System\www\thinkphp\lang\zh-cn.php
[ info ] [ ROUTE ] array (
  'type' => 'module',
  'module' => 
  array (
    0 => 'app',
    1 => 'assetimport',
    2 => NULL,
  ),
)
[ info ] [ HEADER ] array (
  'host' => 'www.ljs.com',
  'connection' => 'keep-alive',
  'upgrade-insecure-requests' => '1',
  'user-agent' => 'Mozilla/5.0 (Windows NT 10.0; Win64; x64) AppleWebKit/537.36 (KHTML, like Gecko) Chrome/79.0.3945.117 Safari/537.36',
  'accept' => 'text/html,application/xhtml+xml,application/xml;q=0.9,image/webp,image/apng,*/*;q=0.8,application/signed-exchange;v=b3;q=0.9',
  'referer' => 'http://www.ljs.com/app/home/index',
  'accept-encoding' => 'gzip, deflate',
  'accept-language' => 'zh-CN,zh;q=0.9',
  'cookie' => 'pgv_pvi=5757892608; PHPSESSID=1skapnc91lsleisi4doneoakmv',
)
[ info ] [ PARAM ] array (
)
[ info ] [ RUN ] app\app\controller\Assetimport->index[ E:\code\git\Fixed-Assets-Management-System\www\application\app\controller\Assetimport.php ]
[ info ] [ SESSION ] INIT array (
  'id' => '',
  'var_session_id' => '',
  'prefix' => 'think',
  'type' => '',
  'auto_start' => true,
)
[ info ] [ DB ] INIT mysql
[ info ] [ VIEW ] E:\code\git\Fixed-Assets-Management-System\www\public/../application/app\view\assetimport\index.html [ array (
  0 => 'uName',
  1 => 'uHead',
  2 => 'powerNo',
) ]
[ info ] [ LOG ] INIT File
[ sql ] [ DB ] CONNECT:[ UseTime:0.011012s ] mysql:host=127.0.0.1;dbname=fams;charset=utf8
[ sql ] [ SQL ] SHOW COLUMNS FROM `fams_user` [ RunTime:0.013027s ]
[ sql ] [ SQL ] SELECT * FROM `fams_user` WHERE  `u_id` = 1 [ RunTime:0.000962s ]
[ sql ] [ SQL ] SELECT * FROM `fams_user` WHERE  `u_id` = 1 [ RunTime:0.000767s ]
[ sql ] [ SQL ] SHOW COLUMNS FROM `fams_person` [ RunTime:0.012358s ]
[ sql ] [ SQL ] SELECT * FROM `fams_person` WHERE  `p_id` = 1 [ RunTime:0.001071s ]
[ sql ] [ SQL ] SELECT * FROM `fams_user` WHERE  `u_id` = 1 [ RunTime:0.001047s ]
[ sql ] [ SQL ] SELECT * FROM `fams_user` WHERE  `u_id` = 1 [ RunTime:0.000882s ]
[ sql ] [ SQL ] SELECT * FROM `fams_user` WHERE  `u_id` = 1 [ RunTime:0.000866s ]
[ sql ] [ SQL ] SELECT * FROM `fams_user` WHERE  `u_id` = 1 [ RunTime:0.001097s ]
[ sql ] [ SQL ] SELECT * FROM `fams_person` WHERE  `p_id` = 1 [ RunTime:0.001150s ]
[ sql ] [ SQL ] SELECT * FROM `fams_user` WHERE  `u_id` = 1 [ RunTime:0.001107s ]
[ sql ] [ SQL ] SELECT * FROM `fams_user` WHERE  `u_id` = 1 [ RunTime:0.001155s ]
---------------------------------------------------------------
[ 2020-05-03T22:11:56+08:00 ] 0.0.0.0 POST www.ljs.com/app/Assetcategory/categorysData
[运行时间：0.081718s] [吞吐率：12.24req/s] [内存消耗：213.06kb] [文件加载：51]
[ info ] [ LANG ] E:\code\git\Fixed-Assets-Management-System\www\thinkphp\lang\zh-cn.php
[ info ] [ ROUTE ] array (
  'type' => 'module',
  'module' => 
  array (
    0 => 'app',
    1 => 'Assetcategory',
    2 => 'categorysData',
  ),
)
[ info ] [ HEADER ] array (
  'host' => 'www.ljs.com',
  'connection' => 'keep-alive',
  'content-length' => '0',
  'accept' => 'application/json, text/plain, */*',
  'user-agent' => 'Mozilla/5.0 (Windows NT 10.0; Win64; x64) AppleWebKit/537.36 (KHTML, like Gecko) Chrome/79.0.3945.117 Safari/537.36',
  'origin' => 'http://www.ljs.com',
  'referer' => 'http://www.ljs.com/app/assetimport',
  'accept-encoding' => 'gzip, deflate',
  'accept-language' => 'zh-CN,zh;q=0.9',
  'cookie' => 'pgv_pvi=5757892608; PHPSESSID=1skapnc91lsleisi4doneoakmv',
)
[ info ] [ PARAM ] array (
)
[ info ] [ RUN ] app\app\controller\Assetcategory->categorysData[ E:\code\git\Fixed-Assets-Management-System\www\application\app\controller\Assetcategory.php ]
[ info ] [ SESSION ] INIT array (
  'id' => '',
  'var_session_id' => '',
  'prefix' => 'think',
  'type' => '',
  'auto_start' => true,
)
[ info ] [ DB ] INIT mysql
[ info ] [ LOG ] INIT File
[ sql ] [ DB ] CONNECT:[ UseTime:0.011785s ] mysql:host=127.0.0.1;dbname=fams;charset=utf8
[ sql ] [ SQL ] SHOW COLUMNS FROM `fams_user` [ RunTime:0.012288s ]
[ sql ] [ SQL ] SELECT * FROM `fams_user` WHERE  `u_id` = 1 [ RunTime:0.000770s ]
[ sql ] [ SQL ] SELECT * FROM `fams_user` WHERE  `u_id` = 1 [ RunTime:0.000691s ]
[ sql ] [ SQL ] SHOW COLUMNS FROM `fams_person` [ RunTime:0.011838s ]
[ sql ] [ SQL ] SELECT * FROM `fams_person` WHERE  `p_id` = 1 [ RunTime:0.000682s ]
[ sql ] [ SQL ] SELECT * FROM `fams_user` WHERE  `u_id` = 1 [ RunTime:0.000669s ]
[ sql ] [ SQL ] SELECT * FROM `fams_user` WHERE  `u_id` = 1 [ RunTime:0.000743s ]
[ sql ] [ SQL ] SHOW COLUMNS FROM `fams_category` [ RunTime:0.011931s ]
[ sql ] [ SQL ] SELECT * FROM `fams_category` WHERE  `cate_exist` = '1' ORDER BY `cate_id` [ RunTime:0.000833s ]
---------------------------------------------------------------
[ 2020-05-03T22:11:57+08:00 ] 0.0.0.0 POST www.ljs.com/app/Assetimport/localsData
[运行时间：0.156236s] [吞吐率：6.40req/s] [内存消耗：213.42kb] [文件加载：51]
[ info ] [ LANG ] E:\code\git\Fixed-Assets-Management-System\www\thinkphp\lang\zh-cn.php
[ info ] [ ROUTE ] array (
  'type' => 'module',
  'module' => 
  array (
    0 => 'app',
    1 => 'Assetimport',
    2 => 'localsData',
  ),
)
[ info ] [ HEADER ] array (
  'host' => 'www.ljs.com',
  'connection' => 'keep-alive',
  'content-length' => '0',
  'accept' => 'application/json, text/plain, */*',
  'user-agent' => 'Mozilla/5.0 (Windows NT 10.0; Win64; x64) AppleWebKit/537.36 (KHTML, like Gecko) Chrome/79.0.3945.117 Safari/537.36',
  'origin' => 'http://www.ljs.com',
  'referer' => 'http://www.ljs.com/app/assetimport',
  'accept-encoding' => 'gzip, deflate',
  'accept-language' => 'zh-CN,zh;q=0.9',
  'cookie' => 'pgv_pvi=5757892608; PHPSESSID=1skapnc91lsleisi4doneoakmv',
)
[ info ] [ PARAM ] array (
)
[ info ] [ RUN ] app\app\controller\Assetimport->localsData[ E:\code\git\Fixed-Assets-Management-System\www\application\app\controller\Assetimport.php ]
[ info ] [ SESSION ] INIT array (
  'id' => '',
  'var_session_id' => '',
  'prefix' => 'think',
  'type' => '',
  'auto_start' => true,
)
[ info ] [ DB ] INIT mysql
[ info ] [ LOG ] INIT File
[ sql ] [ DB ] CONNECT:[ UseTime:0.011762s ] mysql:host=127.0.0.1;dbname=fams;charset=utf8
[ sql ] [ SQL ] SHOW COLUMNS FROM `fams_user` [ RunTime:0.012049s ]
[ sql ] [ SQL ] SELECT * FROM `fams_user` WHERE  `u_id` = 1 [ RunTime:0.000869s ]
[ sql ] [ SQL ] SELECT * FROM `fams_user` WHERE  `u_id` = 1 [ RunTime:0.000775s ]
[ sql ] [ SQL ] SHOW COLUMNS FROM `fams_person` [ RunTime:0.011748s ]
[ sql ] [ SQL ] SELECT * FROM `fams_person` WHERE  `p_id` = 1 [ RunTime:0.000762s ]
[ sql ] [ SQL ] SELECT * FROM `fams_user` WHERE  `u_id` = 1 [ RunTime:0.000689s ]
[ sql ] [ SQL ] SELECT * FROM `fams_user` WHERE  `u_id` = 1 [ RunTime:0.000633s ]
[ sql ] [ SQL ] SHOW COLUMNS FROM `fams_local` [ RunTime:0.011946s ]
[ sql ] [ SQL ] SELECT * FROM `fams_local` WHERE  `local_exist` = 1 ORDER BY `local_id` [ RunTime:0.001108s ]
---------------------------------------------------------------
[ 2020-05-03T22:11:57+08:00 ] 0.0.0.0 GET www.ljs.com/app/assetimport/select?page=1&limit=10
[运行时间：0.081307s] [吞吐率：12.30req/s] [内存消耗：288.23kb] [文件加载：53]
[ info ] [ LANG ] E:\code\git\Fixed-Assets-Management-System\www\thinkphp\lang\zh-cn.php
[ info ] [ ROUTE ] array (
  'type' => 'module',
  'module' => 
  array (
    0 => 'app',
    1 => 'assetimport',
    2 => 'select',
  ),
)
[ info ] [ HEADER ] array (
  'host' => 'www.ljs.com',
  'connection' => 'keep-alive',
  'accept' => 'application/json, text/javascript, */*; q=0.01',
  'x-requested-with' => 'XMLHttpRequest',
  'user-agent' => 'Mozilla/5.0 (Windows NT 10.0; Win64; x64) AppleWebKit/537.36 (KHTML, like Gecko) Chrome/79.0.3945.117 Safari/537.36',
  'referer' => 'http://www.ljs.com/app/assetimport',
  'accept-encoding' => 'gzip, deflate',
  'accept-language' => 'zh-CN,zh;q=0.9',
  'cookie' => 'pgv_pvi=5757892608; PHPSESSID=1skapnc91lsleisi4doneoakmv',
)
[ info ] [ PARAM ] array (
  'page' => '1',
  'limit' => '10',
)
[ info ] [ RUN ] app\app\controller\Assetimport->select[ E:\code\git\Fixed-Assets-Management-System\www\application\app\controller\Assetimport.php ]
[ info ] [ SESSION ] INIT array (
  'id' => '',
  'var_session_id' => '',
  'prefix' => 'think',
  'type' => '',
  'auto_start' => true,
)
[ info ] [ DB ] INIT mysql
[ info ] [ LOG ] INIT File
[ sql ] [ DB ] CONNECT:[ UseTime:0.001334s ] mysql:host=127.0.0.1;dbname=fams;charset=utf8
[ sql ] [ SQL ] SHOW COLUMNS FROM `fams_user` [ RunTime:0.013527s ]
[ sql ] [ SQL ] SELECT * FROM `fams_user` WHERE  `u_id` = 1 [ RunTime:0.000937s ]
[ sql ] [ SQL ] SELECT * FROM `fams_user` WHERE  `u_id` = 1 [ RunTime:0.000731s ]
[ sql ] [ SQL ] SHOW COLUMNS FROM `fams_person` [ RunTime:0.012561s ]
[ sql ] [ SQL ] SELECT * FROM `fams_person` WHERE  `p_id` = 1 [ RunTime:0.000988s ]
[ sql ] [ SQL ] SELECT * FROM `fams_user` WHERE  `u_id` = 1 [ RunTime:0.000886s ]
[ sql ] [ SQL ] SELECT * FROM `fams_user` WHERE  `u_id` = 1 [ RunTime:0.000881s ]
[ sql ] [ SQL ] SHOW COLUMNS FROM `fams_asset` [ RunTime:0.012689s ]
[ sql ] [ SQL ] SELECT * FROM `fams_asset` WHERE  `as_exist` = 1 ORDER BY `as_id` [ RunTime:0.002239s ]
[ sql ] [ SQL ] select * from fams_asset ass, fams_status sta, fams_category cate, fams_local local where ass.sta_no = sta.sta_no and ass.as_local_id = local.local_id and ass.cate_id = cate.cate_id and ass.as_exist = 1 order by ass.as_import_time desc limit 0, 10 [ RunTime:0.002409s ]
