---------------------------------------------------------------
[ 2020-05-04T10:55:22+08:00 ] 0.0.0.0 GET www.ljs.com/
[运行时间：0.185102s] [吞吐率：5.40req/s] [内存消耗：220.91kb] [文件加载：43]
[ info ] [ LANG ] E:\code\git\Fixed-Assets-Management-System\www\thinkphp\lang\zh-cn.php
[ info ] [ ROUTE ] array (
  'type' => 'module',
  'module' => 
  array (
    0 => '',
    1 => NULL,
    2 => NULL,
  ),
)
[ info ] [ HEADER ] array (
  'host' => 'www.ljs.com',
  'connection' => 'keep-alive',
  'upgrade-insecure-requests' => '1',
  'user-agent' => 'Mozilla/5.0 (Windows NT 10.0; Win64; x64) AppleWebKit/537.36 (KHTML, like Gecko) Chrome/79.0.3945.117 Safari/537.36',
  'accept' => 'text/html,application/xhtml+xml,application/xml;q=0.9,image/webp,image/apng,*/*;q=0.8,application/signed-exchange;v=b3;q=0.9',
  'accept-encoding' => 'gzip, deflate',
  'accept-language' => 'zh-CN,zh;q=0.9',
  'cookie' => 'pgv_pvi=5757892608',
)
[ info ] [ PARAM ] array (
)
[ info ] [ RUN ] app\app\controller\Home->index[ E:\code\git\Fixed-Assets-Management-System\www\application\app\controller\Home.php ]
[ info ] [ SESSION ] INIT array (
  'id' => '',
  'var_session_id' => '',
  'prefix' => 'think',
  'type' => '',
  'auto_start' => true,
)
[ info ] [ VIEW ] E:\code\git\Fixed-Assets-Management-System\www\thinkphp\tpl\dispatch_error_jump.tpl [ array (
  0 => 'code',
  1 => 'msg',
  2 => 'data',
  3 => 'url',
  4 => 'wait',
) ]
[ info ] [ LOG ] INIT File
---------------------------------------------------------------
[ 2020-05-04T10:55:24+08:00 ] 0.0.0.0 GET www.ljs.com/login/home/index
[运行时间：0.039603s] [吞吐率：25.25req/s] [内存消耗：87.61kb] [文件加载：42]
[ info ] [ LANG ] E:\code\git\Fixed-Assets-Management-System\www\thinkphp\lang\zh-cn.php
[ info ] [ ROUTE ] array (
  'type' => 'module',
  'module' => 
  array (
    0 => 'login',
    1 => 'home',
    2 => 'index',
  ),
)
[ info ] [ HEADER ] array (
  'host' => 'www.ljs.com',
  'connection' => 'keep-alive',
  'upgrade-insecure-requests' => '1',
  'user-agent' => 'Mozilla/5.0 (Windows NT 10.0; Win64; x64) AppleWebKit/537.36 (KHTML, like Gecko) Chrome/79.0.3945.117 Safari/537.36',
  'accept' => 'text/html,application/xhtml+xml,application/xml;q=0.9,image/webp,image/apng,*/*;q=0.8,application/signed-exchange;v=b3;q=0.9',
  'referer' => 'http://www.ljs.com/',
  'accept-encoding' => 'gzip, deflate',
  'accept-language' => 'zh-CN,zh;q=0.9',
  'cookie' => 'pgv_pvi=5757892608; PHPSESSID=r7p4rbp75alq3fljeutec7ktrv',
)
[ info ] [ PARAM ] array (
)
[ info ] [ RUN ] app\login\controller\Home->index[ E:\code\git\Fixed-Assets-Management-System\www\application\login\controller\Home.php ]
[ info ] [ VIEW ] E:\code\git\Fixed-Assets-Management-System\www\public/../application/login\view\home\index.html [ array (
) ]
[ info ] [ LOG ] INIT File
---------------------------------------------------------------
[ 2020-05-04T10:55:24+08:00 ] 0.0.0.0 GET www.ljs.com/static/layer/layer.js
[运行时间：0.027712s] [吞吐率：36.09req/s] [内存消耗：56.59kb] [文件加载：35]
[ info ] [ LANG ] E:\code\git\Fixed-Assets-Management-System\www\thinkphp\lang\zh-cn.php
[ info ] [ ROUTE ] array (
  'type' => 'module',
  'module' => 
  array (
    0 => 'static',
    1 => 'layer',
    2 => 'layer.js',
  ),
)
[ info ] [ HEADER ] array (
  'host' => 'www.ljs.com',
  'connection' => 'keep-alive',
  'user-agent' => 'Mozilla/5.0 (Windows NT 10.0; Win64; x64) AppleWebKit/537.36 (KHTML, like Gecko) Chrome/79.0.3945.117 Safari/537.36',
  'accept' => '*/*',
  'referer' => 'http://www.ljs.com/login/home/index',
  'accept-encoding' => 'gzip, deflate',
  'accept-language' => 'zh-CN,zh;q=0.9',
  'cookie' => 'pgv_pvi=5757892608; PHPSESSID=r7p4rbp75alq3fljeutec7ktrv',
)
[ info ] [ PARAM ] array (
)
[ info ] [ LOG ] INIT File
---------------------------------------------------------------
[ 2020-05-04T10:55:24+08:00 ] 0.0.0.0 GET www.ljs.com/captcha.html
[运行时间：0.047263s] [吞吐率：21.16req/s] [内存消耗：74.72kb] [文件加载：34]
[ info ] [ LANG ] E:\code\git\Fixed-Assets-Management-System\www\thinkphp\lang\zh-cn.php
[ info ] [ ROUTE ] array (
  'type' => 'method',
  'method' => 
  array (
    0 => '\\think\\captcha\\CaptchaController',
    1 => 'index',
  ),
  'var' => 
  array (
  ),
)
[ info ] [ HEADER ] array (
  'host' => 'www.ljs.com',
  'connection' => 'keep-alive',
  'user-agent' => 'Mozilla/5.0 (Windows NT 10.0; Win64; x64) AppleWebKit/537.36 (KHTML, like Gecko) Chrome/79.0.3945.117 Safari/537.36',
  'accept' => 'image/webp,image/apng,image/*,*/*;q=0.8',
  'referer' => 'http://www.ljs.com/login/home/index',
  'accept-encoding' => 'gzip, deflate',
  'accept-language' => 'zh-CN,zh;q=0.9',
  'cookie' => 'pgv_pvi=5757892608; PHPSESSID=r7p4rbp75alq3fljeutec7ktrv',
)
[ info ] [ PARAM ] array (
  'id' => NULL,
)
[ info ] [ RUN ] think\captcha\CaptchaController->index[ E:\code\git\Fixed-Assets-Management-System\www\vendor\topthink\think-captcha\src\CaptchaController.php ]
[ info ] [ SESSION ] INIT array (
  'id' => '',
  'var_session_id' => '',
  'prefix' => 'think',
  'type' => '',
  'auto_start' => true,
)
[ info ] [ LOG ] INIT File
---------------------------------------------------------------
[ 2020-05-04T10:55:26+08:00 ] 0.0.0.0 GET www.ljs.com/login/home/login/phone/15541850199
[运行时间：0.102393s] [吞吐率：9.77req/s] [内存消耗：273.43kb] [文件加载：51]
[ info ] [ LANG ] E:\code\git\Fixed-Assets-Management-System\www\thinkphp\lang\zh-cn.php
[ info ] [ ROUTE ] array (
  'type' => 'module',
  'module' => 
  array (
    0 => 'login',
    1 => 'home',
    2 => 'login',
  ),
)
[ info ] [ HEADER ] array (
  'host' => 'www.ljs.com',
  'connection' => 'keep-alive',
  'upgrade-insecure-requests' => '1',
  'user-agent' => 'Mozilla/5.0 (Windows NT 10.0; Win64; x64) AppleWebKit/537.36 (KHTML, like Gecko) Chrome/79.0.3945.117 Safari/537.36',
  'accept' => 'text/html,application/xhtml+xml,application/xml;q=0.9,image/webp,image/apng,*/*;q=0.8,application/signed-exchange;v=b3;q=0.9',
  'referer' => 'http://www.ljs.com/login/home/index',
  'accept-encoding' => 'gzip, deflate',
  'accept-language' => 'zh-CN,zh;q=0.9',
  'cookie' => 'pgv_pvi=5757892608; PHPSESSID=r7p4rbp75alq3fljeutec7ktrv',
)
[ info ] [ PARAM ] array (
  'phone' => '15541850199',
)
[ info ] [ RUN ] app\login\controller\Home->login[ E:\code\git\Fixed-Assets-Management-System\www\application\login\controller\Home.php ]
[ info ] [ DB ] INIT mysql
[ info ] [ SESSION ] INIT array (
  'id' => '',
  'var_session_id' => '',
  'prefix' => 'think',
  'type' => '',
  'auto_start' => true,
)
[ info ] [ VIEW ] E:\code\git\Fixed-Assets-Management-System\www\thinkphp\tpl\dispatch_success_jump.tpl [ array (
  0 => 'code',
  1 => 'msg',
  2 => 'data',
  3 => 'url',
  4 => 'wait',
) ]
[ info ] [ LOG ] INIT File
[ sql ] [ DB ] CONNECT:[ UseTime:0.002290s ] mysql:host=127.0.0.1;dbname=fams;charset=utf8
[ sql ] [ SQL ] SHOW COLUMNS FROM `fams_user` [ RunTime:0.014554s ]
[ sql ] [ SQL ] SELECT * FROM `fams_user` WHERE  `u_phone` = '15541850199'  AND `u_exist` = 1 [ RunTime:0.001735s ]
[ sql ] [ SQL ] SELECT * FROM `fams_user` WHERE  `u_id` = 1 [ RunTime:0.000968s ]
---------------------------------------------------------------
[ 2020-05-04T10:55:27+08:00 ] 0.0.0.0 GET www.ljs.com/app/home/index
[运行时间：0.071028s] [吞吐率：14.08req/s] [内存消耗：217.75kb] [文件加载：52]
[ info ] [ LANG ] E:\code\git\Fixed-Assets-Management-System\www\thinkphp\lang\zh-cn.php
[ info ] [ ROUTE ] array (
  'type' => 'module',
  'module' => 
  array (
    0 => 'app',
    1 => 'home',
    2 => 'index',
  ),
)
[ info ] [ HEADER ] array (
  'host' => 'www.ljs.com',
  'connection' => 'keep-alive',
  'upgrade-insecure-requests' => '1',
  'user-agent' => 'Mozilla/5.0 (Windows NT 10.0; Win64; x64) AppleWebKit/537.36 (KHTML, like Gecko) Chrome/79.0.3945.117 Safari/537.36',
  'accept' => 'text/html,application/xhtml+xml,application/xml;q=0.9,image/webp,image/apng,*/*;q=0.8,application/signed-exchange;v=b3;q=0.9',
  'referer' => 'http://www.ljs.com/login/home/login/phone/15541850199',
  'accept-encoding' => 'gzip, deflate',
  'accept-language' => 'zh-CN,zh;q=0.9',
  'cookie' => 'pgv_pvi=5757892608; PHPSESSID=r7p4rbp75alq3fljeutec7ktrv',
)
[ info ] [ PARAM ] array (
)
[ info ] [ RUN ] app\app\controller\Home->index[ E:\code\git\Fixed-Assets-Management-System\www\application\app\controller\Home.php ]
[ info ] [ SESSION ] INIT array (
  'id' => '',
  'var_session_id' => '',
  'prefix' => 'think',
  'type' => '',
  'auto_start' => true,
)
[ info ] [ DB ] INIT mysql
[ info ] [ VIEW ] E:\code\git\Fixed-Assets-Management-System\www\public/../application/app\view\home\index.html [ array (
  0 => 'uName',
  1 => 'uHead',
  2 => 'powerNo',
) ]
[ info ] [ LOG ] INIT File
[ sql ] [ DB ] CONNECT:[ UseTime:0.001266s ] mysql:host=127.0.0.1;dbname=fams;charset=utf8
[ sql ] [ SQL ] SHOW COLUMNS FROM `fams_user` [ RunTime:0.012458s ]
[ sql ] [ SQL ] SELECT * FROM `fams_user` WHERE  `u_id` = 1 [ RunTime:0.000849s ]
[ sql ] [ SQL ] SELECT * FROM `fams_user` WHERE  `u_id` = 1 [ RunTime:0.000814s ]
[ sql ] [ SQL ] SHOW COLUMNS FROM `fams_person` [ RunTime:0.012559s ]
[ sql ] [ SQL ] SELECT * FROM `fams_person` WHERE  `p_id` = 1 [ RunTime:0.001029s ]
[ sql ] [ SQL ] SELECT * FROM `fams_user` WHERE  `u_id` = 1 [ RunTime:0.000804s ]
[ sql ] [ SQL ] SELECT * FROM `fams_user` WHERE  `u_id` = 1 [ RunTime:0.000741s ]
[ sql ] [ SQL ] SELECT * FROM `fams_user` WHERE  `u_id` = 1 [ RunTime:0.000822s ]
[ sql ] [ SQL ] SELECT * FROM `fams_user` WHERE  `u_id` = 1 [ RunTime:0.000887s ]
[ sql ] [ SQL ] SELECT * FROM `fams_person` WHERE  `p_id` = 1 [ RunTime:0.000795s ]
[ sql ] [ SQL ] SELECT * FROM `fams_user` WHERE  `u_id` = 1 [ RunTime:0.000680s ]
[ sql ] [ SQL ] SELECT * FROM `fams_user` WHERE  `u_id` = 1 [ RunTime:0.000643s ]
---------------------------------------------------------------
[ 2020-05-04T10:55:30+08:00 ] 0.0.0.0 GET www.ljs.com/app/assetimport
[运行时间：0.064914s] [吞吐率：15.41req/s] [内存消耗：233.59kb] [文件加载：52]
[ info ] [ LANG ] E:\code\git\Fixed-Assets-Management-System\www\thinkphp\lang\zh-cn.php
[ info ] [ ROUTE ] array (
  'type' => 'module',
  'module' => 
  array (
    0 => 'app',
    1 => 'assetimport',
    2 => NULL,
  ),
)
[ info ] [ HEADER ] array (
  'host' => 'www.ljs.com',
  'connection' => 'keep-alive',
  'upgrade-insecure-requests' => '1',
  'user-agent' => 'Mozilla/5.0 (Windows NT 10.0; Win64; x64) AppleWebKit/537.36 (KHTML, like Gecko) Chrome/79.0.3945.117 Safari/537.36',
  'accept' => 'text/html,application/xhtml+xml,application/xml;q=0.9,image/webp,image/apng,*/*;q=0.8,application/signed-exchange;v=b3;q=0.9',
  'referer' => 'http://www.ljs.com/app/home/index',
  'accept-encoding' => 'gzip, deflate',
  'accept-language' => 'zh-CN,zh;q=0.9',
  'cookie' => 'pgv_pvi=5757892608; PHPSESSID=r7p4rbp75alq3fljeutec7ktrv',
)
[ info ] [ PARAM ] array (
)
[ info ] [ RUN ] app\app\controller\Assetimport->index[ E:\code\git\Fixed-Assets-Management-System\www\application\app\controller\Assetimport.php ]
[ info ] [ SESSION ] INIT array (
  'id' => '',
  'var_session_id' => '',
  'prefix' => 'think',
  'type' => '',
  'auto_start' => true,
)
[ info ] [ DB ] INIT mysql
[ info ] [ VIEW ] E:\code\git\Fixed-Assets-Management-System\www\public/../application/app\view\assetimport\index.html [ array (
  0 => 'uName',
  1 => 'uHead',
  2 => 'powerNo',
) ]
[ info ] [ LOG ] INIT File
[ sql ] [ DB ] CONNECT:[ UseTime:0.001011s ] mysql:host=127.0.0.1;dbname=fams;charset=utf8
[ sql ] [ SQL ] SHOW COLUMNS FROM `fams_user` [ RunTime:0.010607s ]
[ sql ] [ SQL ] SELECT * FROM `fams_user` WHERE  `u_id` = 1 [ RunTime:0.000731s ]
[ sql ] [ SQL ] SELECT * FROM `fams_user` WHERE  `u_id` = 1 [ RunTime:0.000611s ]
[ sql ] [ SQL ] SHOW COLUMNS FROM `fams_person` [ RunTime:0.010662s ]
[ sql ] [ SQL ] SELECT * FROM `fams_person` WHERE  `p_id` = 1 [ RunTime:0.000732s ]
[ sql ] [ SQL ] SELECT * FROM `fams_user` WHERE  `u_id` = 1 [ RunTime:0.000629s ]
[ sql ] [ SQL ] SELECT * FROM `fams_user` WHERE  `u_id` = 1 [ RunTime:0.000613s ]
[ sql ] [ SQL ] SELECT * FROM `fams_user` WHERE  `u_id` = 1 [ RunTime:0.000569s ]
[ sql ] [ SQL ] SELECT * FROM `fams_user` WHERE  `u_id` = 1 [ RunTime:0.000545s ]
[ sql ] [ SQL ] SELECT * FROM `fams_person` WHERE  `p_id` = 1 [ RunTime:0.000557s ]
[ sql ] [ SQL ] SELECT * FROM `fams_user` WHERE  `u_id` = 1 [ RunTime:0.000555s ]
[ sql ] [ SQL ] SELECT * FROM `fams_user` WHERE  `u_id` = 1 [ RunTime:0.000530s ]
---------------------------------------------------------------
[ 2020-05-04T10:55:30+08:00 ] 0.0.0.0 POST www.ljs.com/app/Assetimport/localsData
[运行时间：0.078955s] [吞吐率：12.67req/s] [内存消耗：213.42kb] [文件加载：51]
[ info ] [ LANG ] E:\code\git\Fixed-Assets-Management-System\www\thinkphp\lang\zh-cn.php
[ info ] [ ROUTE ] array (
  'type' => 'module',
  'module' => 
  array (
    0 => 'app',
    1 => 'Assetimport',
    2 => 'localsData',
  ),
)
[ info ] [ HEADER ] array (
  'host' => 'www.ljs.com',
  'connection' => 'keep-alive',
  'content-length' => '0',
  'accept' => 'application/json, text/plain, */*',
  'user-agent' => 'Mozilla/5.0 (Windows NT 10.0; Win64; x64) AppleWebKit/537.36 (KHTML, like Gecko) Chrome/79.0.3945.117 Safari/537.36',
  'origin' => 'http://www.ljs.com',
  'referer' => 'http://www.ljs.com/app/assetimport',
  'accept-encoding' => 'gzip, deflate',
  'accept-language' => 'zh-CN,zh;q=0.9',
  'cookie' => 'pgv_pvi=5757892608; PHPSESSID=r7p4rbp75alq3fljeutec7ktrv',
)
[ info ] [ PARAM ] array (
)
[ info ] [ RUN ] app\app\controller\Assetimport->localsData[ E:\code\git\Fixed-Assets-Management-System\www\application\app\controller\Assetimport.php ]
[ info ] [ SESSION ] INIT array (
  'id' => '',
  'var_session_id' => '',
  'prefix' => 'think',
  'type' => '',
  'auto_start' => true,
)
[ info ] [ DB ] INIT mysql
[ info ] [ LOG ] INIT File
[ sql ] [ DB ] CONNECT:[ UseTime:0.001249s ] mysql:host=127.0.0.1;dbname=fams;charset=utf8
[ sql ] [ SQL ] SHOW COLUMNS FROM `fams_user` [ RunTime:0.012159s ]
[ sql ] [ SQL ] SELECT * FROM `fams_user` WHERE  `u_id` = 1 [ RunTime:0.000858s ]
[ sql ] [ SQL ] SELECT * FROM `fams_user` WHERE  `u_id` = 1 [ RunTime:0.000830s ]
[ sql ] [ SQL ] SHOW COLUMNS FROM `fams_person` [ RunTime:0.012836s ]
[ sql ] [ SQL ] SELECT * FROM `fams_person` WHERE  `p_id` = 1 [ RunTime:0.000789s ]
[ sql ] [ SQL ] SELECT * FROM `fams_user` WHERE  `u_id` = 1 [ RunTime:0.000873s ]
[ sql ] [ SQL ] SELECT * FROM `fams_user` WHERE  `u_id` = 1 [ RunTime:0.000708s ]
[ sql ] [ SQL ] SHOW COLUMNS FROM `fams_local` [ RunTime:0.010935s ]
[ sql ] [ SQL ] SELECT * FROM `fams_local` WHERE  `local_exist` = 1 ORDER BY `local_id` [ RunTime:0.001198s ]
---------------------------------------------------------------
[ 2020-05-04T10:55:30+08:00 ] 0.0.0.0 POST www.ljs.com/app/Assetcategory/categorysData
[运行时间：0.136403s] [吞吐率：7.33req/s] [内存消耗：213.06kb] [文件加载：51]
[ info ] [ LANG ] E:\code\git\Fixed-Assets-Management-System\www\thinkphp\lang\zh-cn.php
[ info ] [ ROUTE ] array (
  'type' => 'module',
  'module' => 
  array (
    0 => 'app',
    1 => 'Assetcategory',
    2 => 'categorysData',
  ),
)
[ info ] [ HEADER ] array (
  'host' => 'www.ljs.com',
  'connection' => 'keep-alive',
  'content-length' => '0',
  'accept' => 'application/json, text/plain, */*',
  'user-agent' => 'Mozilla/5.0 (Windows NT 10.0; Win64; x64) AppleWebKit/537.36 (KHTML, like Gecko) Chrome/79.0.3945.117 Safari/537.36',
  'origin' => 'http://www.ljs.com',
  'referer' => 'http://www.ljs.com/app/assetimport',
  'accept-encoding' => 'gzip, deflate',
  'accept-language' => 'zh-CN,zh;q=0.9',
  'cookie' => 'pgv_pvi=5757892608; PHPSESSID=r7p4rbp75alq3fljeutec7ktrv',
)
[ info ] [ PARAM ] array (
)
[ info ] [ RUN ] app\app\controller\Assetcategory->categorysData[ E:\code\git\Fixed-Assets-Management-System\www\application\app\controller\Assetcategory.php ]
[ info ] [ SESSION ] INIT array (
  'id' => '',
  'var_session_id' => '',
  'prefix' => 'think',
  'type' => '',
  'auto_start' => true,
)
[ info ] [ DB ] INIT mysql
[ info ] [ LOG ] INIT File
[ sql ] [ DB ] CONNECT:[ UseTime:0.001014s ] mysql:host=127.0.0.1;dbname=fams;charset=utf8
[ sql ] [ SQL ] SHOW COLUMNS FROM `fams_user` [ RunTime:0.011653s ]
[ sql ] [ SQL ] SELECT * FROM `fams_user` WHERE  `u_id` = 1 [ RunTime:0.000745s ]
[ sql ] [ SQL ] SELECT * FROM `fams_user` WHERE  `u_id` = 1 [ RunTime:0.000621s ]
[ sql ] [ SQL ] SHOW COLUMNS FROM `fams_person` [ RunTime:0.011493s ]
[ sql ] [ SQL ] SELECT * FROM `fams_person` WHERE  `p_id` = 1 [ RunTime:0.000833s ]
[ sql ] [ SQL ] SELECT * FROM `fams_user` WHERE  `u_id` = 1 [ RunTime:0.000770s ]
[ sql ] [ SQL ] SELECT * FROM `fams_user` WHERE  `u_id` = 1 [ RunTime:0.000747s ]
[ sql ] [ SQL ] SHOW COLUMNS FROM `fams_category` [ RunTime:0.012100s ]
[ sql ] [ SQL ] SELECT * FROM `fams_category` WHERE  `cate_exist` = '1' ORDER BY `cate_id` [ RunTime:0.000857s ]
---------------------------------------------------------------
[ 2020-05-04T10:55:30+08:00 ] 0.0.0.0 GET www.ljs.com/app/assetimport/select?page=1&limit=10
[运行时间：0.098928s] [吞吐率：10.11req/s] [内存消耗：288.23kb] [文件加载：53]
[ info ] [ LANG ] E:\code\git\Fixed-Assets-Management-System\www\thinkphp\lang\zh-cn.php
[ info ] [ ROUTE ] array (
  'type' => 'module',
  'module' => 
  array (
    0 => 'app',
    1 => 'assetimport',
    2 => 'select',
  ),
)
[ info ] [ HEADER ] array (
  'host' => 'www.ljs.com',
  'connection' => 'keep-alive',
  'accept' => 'application/json, text/javascript, */*; q=0.01',
  'x-requested-with' => 'XMLHttpRequest',
  'user-agent' => 'Mozilla/5.0 (Windows NT 10.0; Win64; x64) AppleWebKit/537.36 (KHTML, like Gecko) Chrome/79.0.3945.117 Safari/537.36',
  'referer' => 'http://www.ljs.com/app/assetimport',
  'accept-encoding' => 'gzip, deflate',
  'accept-language' => 'zh-CN,zh;q=0.9',
  'cookie' => 'pgv_pvi=5757892608; PHPSESSID=r7p4rbp75alq3fljeutec7ktrv',
)
[ info ] [ PARAM ] array (
  'page' => '1',
  'limit' => '10',
)
[ info ] [ RUN ] app\app\controller\Assetimport->select[ E:\code\git\Fixed-Assets-Management-System\www\application\app\controller\Assetimport.php ]
[ info ] [ SESSION ] INIT array (
  'id' => '',
  'var_session_id' => '',
  'prefix' => 'think',
  'type' => '',
  'auto_start' => true,
)
[ info ] [ DB ] INIT mysql
[ info ] [ LOG ] INIT File
[ sql ] [ DB ] CONNECT:[ UseTime:0.000948s ] mysql:host=127.0.0.1;dbname=fams;charset=utf8
[ sql ] [ SQL ] SHOW COLUMNS FROM `fams_user` [ RunTime:0.011813s ]
[ sql ] [ SQL ] SELECT * FROM `fams_user` WHERE  `u_id` = 1 [ RunTime:0.000932s ]
[ sql ] [ SQL ] SELECT * FROM `fams_user` WHERE  `u_id` = 1 [ RunTime:0.000805s ]
[ sql ] [ SQL ] SHOW COLUMNS FROM `fams_person` [ RunTime:0.011235s ]
[ sql ] [ SQL ] SELECT * FROM `fams_person` WHERE  `p_id` = 1 [ RunTime:0.000623s ]
[ sql ] [ SQL ] SELECT * FROM `fams_user` WHERE  `u_id` = 1 [ RunTime:0.000556s ]
[ sql ] [ SQL ] SELECT * FROM `fams_user` WHERE  `u_id` = 1 [ RunTime:0.000496s ]
[ sql ] [ SQL ] SHOW COLUMNS FROM `fams_asset` [ RunTime:0.010480s ]
[ sql ] [ SQL ] SELECT * FROM `fams_asset` WHERE  `as_exist` = 1 ORDER BY `as_id` [ RunTime:0.001027s ]
[ sql ] [ SQL ] select * from fams_asset ass, fams_status sta, fams_category cate, fams_local local where ass.sta_no = sta.sta_no and ass.as_local_id = local.local_id and ass.cate_id = cate.cate_id and ass.as_exist = 1 order by ass.as_import_time desc limit 0, 10 [ RunTime:0.002206s ]
