---------------------------------------------------------------
[ 2020-04-01T11:12:17+08:00 ] 0.0.0.0 GET www.ljs.com/
[运行时间：0.132212s] [吞吐率：7.56req/s] [内存消耗：215.83kb] [文件加载：39]
[ info ] [ LANG ] E:\code\git\Fixed-Assets-Management-System\www\thinkphp\lang\zh-cn.php
[ info ] [ ROUTE ] array (
  'type' => 'module',
  'module' => 
  array (
    0 => '',
    1 => NULL,
    2 => NULL,
  ),
)
[ info ] [ HEADER ] array (
  'host' => 'www.ljs.com',
  'connection' => 'keep-alive',
  'upgrade-insecure-requests' => '1',
  'user-agent' => 'Mozilla/5.0 (Windows NT 10.0; Win64; x64) AppleWebKit/537.36 (KHTML, like Gecko) Chrome/79.0.3945.117 Safari/537.36',
  'accept' => 'text/html,application/xhtml+xml,application/xml;q=0.9,image/webp,image/apng,*/*;q=0.8,application/signed-exchange;v=b3;q=0.9',
  'accept-encoding' => 'gzip, deflate',
  'accept-language' => 'zh-CN,zh;q=0.9',
  'cookie' => 'pgv_pvi=5757892608',
)
[ info ] [ PARAM ] array (
)
[ info ] [ RUN ] app\index\controller\Index->index[ E:\code\git\Fixed-Assets-Management-System\www\application\index\controller\Index.php ]
[ info ] [ VIEW ] E:\code\git\Fixed-Assets-Management-System\www\public/../application/index\view\index\index.html [ array (
) ]
[ info ] [ LOG ] INIT File
---------------------------------------------------------------
[ 2020-04-01T13:19:10+08:00 ] 0.0.0.0 GET www.ljs.com/
[运行时间：0.091732s] [吞吐率：10.90req/s] [内存消耗：82.39kb] [文件加载：39]
[ info ] [ LANG ] E:\code\git\Fixed-Assets-Management-System\www\thinkphp\lang\zh-cn.php
[ info ] [ ROUTE ] array (
  'type' => 'module',
  'module' => 
  array (
    0 => '',
    1 => NULL,
    2 => NULL,
  ),
)
[ info ] [ HEADER ] array (
  'host' => 'www.ljs.com',
  'connection' => 'keep-alive',
  'cache-control' => 'max-age=0',
  'upgrade-insecure-requests' => '1',
  'user-agent' => 'Mozilla/5.0 (Windows NT 10.0; Win64; x64) AppleWebKit/537.36 (KHTML, like Gecko) Chrome/79.0.3945.117 Safari/537.36',
  'accept' => 'text/html,application/xhtml+xml,application/xml;q=0.9,image/webp,image/apng,*/*;q=0.8,application/signed-exchange;v=b3;q=0.9',
  'accept-encoding' => 'gzip, deflate',
  'accept-language' => 'zh-CN,zh;q=0.9',
  'cookie' => 'pgv_pvi=5757892608',
)
[ info ] [ PARAM ] array (
)
[ info ] [ RUN ] app\index\controller\Index->index[ E:\code\git\Fixed-Assets-Management-System\www\application\index\controller\Index.php ]
[ info ] [ VIEW ] E:\code\git\Fixed-Assets-Management-System\www\public/../application/index\view\index\index.html [ array (
) ]
[ info ] [ LOG ] INIT File
---------------------------------------------------------------
[ 2020-04-01T13:19:18+08:00 ] 0.0.0.0 GET www.ljs.com/
[运行时间：0.030617s] [吞吐率：32.66req/s] [内存消耗：82.46kb] [文件加载：39]
[ info ] [ LANG ] E:\code\git\Fixed-Assets-Management-System\www\thinkphp\lang\zh-cn.php
[ info ] [ ROUTE ] array (
  'type' => 'module',
  'module' => 
  array (
    0 => '',
    1 => NULL,
    2 => NULL,
  ),
)
[ info ] [ HEADER ] array (
  'host' => 'www.ljs.com',
  'connection' => 'keep-alive',
  'pragma' => 'no-cache',
  'cache-control' => 'no-cache',
  'upgrade-insecure-requests' => '1',
  'user-agent' => 'Mozilla/5.0 (Windows NT 10.0; Win64; x64) AppleWebKit/537.36 (KHTML, like Gecko) Chrome/79.0.3945.117 Safari/537.36',
  'accept' => 'text/html,application/xhtml+xml,application/xml;q=0.9,image/webp,image/apng,*/*;q=0.8,application/signed-exchange;v=b3;q=0.9',
  'accept-encoding' => 'gzip, deflate',
  'accept-language' => 'zh-CN,zh;q=0.9',
  'cookie' => 'pgv_pvi=5757892608',
)
[ info ] [ PARAM ] array (
)
[ info ] [ RUN ] app\index\controller\Index->index[ E:\code\git\Fixed-Assets-Management-System\www\application\index\controller\Index.php ]
[ info ] [ VIEW ] E:\code\git\Fixed-Assets-Management-System\www\public/../application/index\view\index\index.html [ array (
) ]
[ info ] [ LOG ] INIT File
---------------------------------------------------------------
[ 2020-04-01T13:21:53+08:00 ] 0.0.0.0 GET www.ljs.com/
[运行时间：0.031641s] [吞吐率：31.60req/s] [内存消耗：82.46kb] [文件加载：39]
[ info ] [ LANG ] E:\code\git\Fixed-Assets-Management-System\www\thinkphp\lang\zh-cn.php
[ info ] [ ROUTE ] array (
  'type' => 'module',
  'module' => 
  array (
    0 => '',
    1 => NULL,
    2 => NULL,
  ),
)
[ info ] [ HEADER ] array (
  'host' => 'www.ljs.com',
  'connection' => 'keep-alive',
  'pragma' => 'no-cache',
  'cache-control' => 'no-cache',
  'upgrade-insecure-requests' => '1',
  'user-agent' => 'Mozilla/5.0 (Windows NT 10.0; Win64; x64) AppleWebKit/537.36 (KHTML, like Gecko) Chrome/79.0.3945.117 Safari/537.36',
  'accept' => 'text/html,application/xhtml+xml,application/xml;q=0.9,image/webp,image/apng,*/*;q=0.8,application/signed-exchange;v=b3;q=0.9',
  'accept-encoding' => 'gzip, deflate',
  'accept-language' => 'zh-CN,zh;q=0.9',
  'cookie' => 'pgv_pvi=5757892608',
)
[ info ] [ PARAM ] array (
)
[ info ] [ RUN ] app\index\controller\Index->index[ E:\code\git\Fixed-Assets-Management-System\www\application\index\controller\Index.php ]
[ info ] [ VIEW ] E:\code\git\Fixed-Assets-Management-System\www\public/../application/index\view\index\index.html [ array (
) ]
[ info ] [ LOG ] INIT File
---------------------------------------------------------------
[ 2020-04-01T13:22:23+08:00 ] 0.0.0.0 GET www.ljs.com/static/vue/axios.min.map
[运行时间：0.080930s] [吞吐率：12.36req/s] [内存消耗：85.48kb] [文件加载：35]
[ info ] [ LANG ] E:\code\git\Fixed-Assets-Management-System\www\thinkphp\lang\zh-cn.php
[ info ] [ ROUTE ] array (
  'type' => 'module',
  'module' => 
  array (
    0 => 'static',
    1 => 'vue',
    2 => 'axios.min.map',
  ),
)
[ info ] [ HEADER ] array (
  'host' => 'www.ljs.com',
  'connection' => 'keep-alive',
  'user-agent' => 'Mozilla/5.0 (Windows NT 10.0; Win64; x64) AppleWebKit/537.36 (KHTML, like Gecko) Chrome/79.0.3945.117 Safari/537.36',
  'accept-encoding' => 'gzip, deflate',
  'accept-language' => 'zh-CN,zh;q=0.9',
  'cookie' => 'pgv_pvi=5757892608',
)
[ info ] [ PARAM ] array (
)
[ info ] [ LOG ] INIT File
---------------------------------------------------------------
[ 2020-04-01T13:22:23+08:00 ] 0.0.0.0 GET www.ljs.com/static/bootstrap/js/bootstrap.min.js.map
[运行时间：0.079335s] [吞吐率：12.60req/s] [内存消耗：69.30kb] [文件加载：35]
[ info ] [ LANG ] E:\code\git\Fixed-Assets-Management-System\www\thinkphp\lang\zh-cn.php
[ info ] [ ROUTE ] array (
  'type' => 'module',
  'module' => 
  array (
    0 => 'static',
    1 => 'bootstrap',
    2 => 'js',
  ),
)
[ info ] [ HEADER ] array (
  'host' => 'www.ljs.com',
  'connection' => 'keep-alive',
  'user-agent' => 'Mozilla/5.0 (Windows NT 10.0; Win64; x64) AppleWebKit/537.36 (KHTML, like Gecko) Chrome/79.0.3945.117 Safari/537.36',
  'accept-encoding' => 'gzip, deflate',
  'accept-language' => 'zh-CN,zh;q=0.9',
  'cookie' => 'pgv_pvi=5757892608',
)
[ info ] [ PARAM ] array (
)
[ info ] [ LOG ] INIT File
---------------------------------------------------------------
[ 2020-04-01T13:22:23+08:00 ] 0.0.0.0 GET www.ljs.com/static/bootstrap/css/bootstrap.min.css.map
[运行时间：0.045959s] [吞吐率：21.76req/s] [内存消耗：94.19kb] [文件加载：35]
[ info ] [ LANG ] E:\code\git\Fixed-Assets-Management-System\www\thinkphp\lang\zh-cn.php
[ info ] [ ROUTE ] array (
  'type' => 'module',
  'module' => 
  array (
    0 => 'static',
    1 => 'bootstrap',
    2 => 'css',
  ),
)
[ info ] [ HEADER ] array (
  'host' => 'www.ljs.com',
  'connection' => 'keep-alive',
  'user-agent' => 'Mozilla/5.0 (Windows NT 10.0; Win64; x64) AppleWebKit/537.36 (KHTML, like Gecko) Chrome/79.0.3945.117 Safari/537.36',
  'accept-encoding' => 'gzip, deflate',
  'accept-language' => 'zh-CN,zh;q=0.9',
  'cookie' => 'pgv_pvi=5757892608',
)
[ info ] [ PARAM ] array (
)
[ info ] [ LOG ] INIT File
---------------------------------------------------------------
[ 2020-04-01T13:23:10+08:00 ] 0.0.0.0 GET www.ljs.com/
[运行时间：0.028214s] [吞吐率：35.44req/s] [内存消耗：82.46kb] [文件加载：39]
[ info ] [ LANG ] E:\code\git\Fixed-Assets-Management-System\www\thinkphp\lang\zh-cn.php
[ info ] [ ROUTE ] array (
  'type' => 'module',
  'module' => 
  array (
    0 => '',
    1 => NULL,
    2 => NULL,
  ),
)
[ info ] [ HEADER ] array (
  'host' => 'www.ljs.com',
  'connection' => 'keep-alive',
  'pragma' => 'no-cache',
  'cache-control' => 'no-cache',
  'upgrade-insecure-requests' => '1',
  'user-agent' => 'Mozilla/5.0 (Windows NT 10.0; Win64; x64) AppleWebKit/537.36 (KHTML, like Gecko) Chrome/79.0.3945.117 Safari/537.36',
  'accept' => 'text/html,application/xhtml+xml,application/xml;q=0.9,image/webp,image/apng,*/*;q=0.8,application/signed-exchange;v=b3;q=0.9',
  'accept-encoding' => 'gzip, deflate',
  'accept-language' => 'zh-CN,zh;q=0.9',
  'cookie' => 'pgv_pvi=5757892608',
)
[ info ] [ PARAM ] array (
)
[ info ] [ RUN ] app\index\controller\Index->index[ E:\code\git\Fixed-Assets-Management-System\www\application\index\controller\Index.php ]
[ info ] [ VIEW ] E:\code\git\Fixed-Assets-Management-System\www\public/../application/index\view\index\index.html [ array (
) ]
[ info ] [ LOG ] INIT File
---------------------------------------------------------------
[ 2020-04-01T13:23:10+08:00 ] 0.0.0.0 GET www.ljs.com/static/bootstrap/css/bootstrap.min.css.map
[运行时间：0.013358s] [吞吐率：74.86req/s] [内存消耗：54.80kb] [文件加载：35]
[ info ] [ LANG ] E:\code\git\Fixed-Assets-Management-System\www\thinkphp\lang\zh-cn.php
[ info ] [ ROUTE ] array (
  'type' => 'module',
  'module' => 
  array (
    0 => 'static',
    1 => 'bootstrap',
    2 => 'css',
  ),
)
[ info ] [ HEADER ] array (
  'host' => 'www.ljs.com',
  'connection' => 'keep-alive',
  'user-agent' => 'Mozilla/5.0 (Windows NT 10.0; Win64; x64) AppleWebKit/537.36 (KHTML, like Gecko) Chrome/79.0.3945.117 Safari/537.36',
  'accept-encoding' => 'gzip, deflate',
  'accept-language' => 'zh-CN,zh;q=0.9',
  'cookie' => 'pgv_pvi=5757892608',
)
[ info ] [ PARAM ] array (
)
[ info ] [ LOG ] INIT File
---------------------------------------------------------------
[ 2020-04-01T13:23:10+08:00 ] 0.0.0.0 GET www.ljs.com/static/vue/axios.min.map
[运行时间：0.014008s] [吞吐率：71.39req/s] [内存消耗：54.78kb] [文件加载：35]
[ info ] [ LANG ] E:\code\git\Fixed-Assets-Management-System\www\thinkphp\lang\zh-cn.php
[ info ] [ ROUTE ] array (
  'type' => 'module',
  'module' => 
  array (
    0 => 'static',
    1 => 'vue',
    2 => 'axios.min.map',
  ),
)
[ info ] [ HEADER ] array (
  'host' => 'www.ljs.com',
  'connection' => 'keep-alive',
  'user-agent' => 'Mozilla/5.0 (Windows NT 10.0; Win64; x64) AppleWebKit/537.36 (KHTML, like Gecko) Chrome/79.0.3945.117 Safari/537.36',
  'accept-encoding' => 'gzip, deflate',
  'accept-language' => 'zh-CN,zh;q=0.9',
  'cookie' => 'pgv_pvi=5757892608',
)
[ info ] [ PARAM ] array (
)
[ info ] [ LOG ] INIT File
---------------------------------------------------------------
[ 2020-04-01T13:23:10+08:00 ] 0.0.0.0 GET www.ljs.com/static/bootstrap/js/bootstrap.min.js.map
[运行时间：0.013529s] [吞吐率：73.91req/s] [内存消耗：54.80kb] [文件加载：35]
[ info ] [ LANG ] E:\code\git\Fixed-Assets-Management-System\www\thinkphp\lang\zh-cn.php
[ info ] [ ROUTE ] array (
  'type' => 'module',
  'module' => 
  array (
    0 => 'static',
    1 => 'bootstrap',
    2 => 'js',
  ),
)
[ info ] [ HEADER ] array (
  'host' => 'www.ljs.com',
  'connection' => 'keep-alive',
  'user-agent' => 'Mozilla/5.0 (Windows NT 10.0; Win64; x64) AppleWebKit/537.36 (KHTML, like Gecko) Chrome/79.0.3945.117 Safari/537.36',
  'accept-encoding' => 'gzip, deflate',
  'accept-language' => 'zh-CN,zh;q=0.9',
  'cookie' => 'pgv_pvi=5757892608',
)
[ info ] [ PARAM ] array (
)
[ info ] [ LOG ] INIT File
---------------------------------------------------------------
[ 2020-04-01T13:23:15+08:00 ] 0.0.0.0 GET www.ljs.com/
[运行时间：0.018547s] [吞吐率：53.92req/s] [内存消耗：82.46kb] [文件加载：39]
[ info ] [ LANG ] E:\code\git\Fixed-Assets-Management-System\www\thinkphp\lang\zh-cn.php
[ info ] [ ROUTE ] array (
  'type' => 'module',
  'module' => 
  array (
    0 => '',
    1 => NULL,
    2 => NULL,
  ),
)
[ info ] [ HEADER ] array (
  'host' => 'www.ljs.com',
  'connection' => 'keep-alive',
  'pragma' => 'no-cache',
  'cache-control' => 'no-cache',
  'upgrade-insecure-requests' => '1',
  'user-agent' => 'Mozilla/5.0 (Windows NT 10.0; Win64; x64) AppleWebKit/537.36 (KHTML, like Gecko) Chrome/79.0.3945.117 Safari/537.36',
  'accept' => 'text/html,application/xhtml+xml,application/xml;q=0.9,image/webp,image/apng,*/*;q=0.8,application/signed-exchange;v=b3;q=0.9',
  'accept-encoding' => 'gzip, deflate',
  'accept-language' => 'zh-CN,zh;q=0.9',
  'cookie' => 'pgv_pvi=5757892608',
)
[ info ] [ PARAM ] array (
)
[ info ] [ RUN ] app\index\controller\Index->index[ E:\code\git\Fixed-Assets-Management-System\www\application\index\controller\Index.php ]
[ info ] [ VIEW ] E:\code\git\Fixed-Assets-Management-System\www\public/../application/index\view\index\index.html [ array (
) ]
[ info ] [ LOG ] INIT File
---------------------------------------------------------------
[ 2020-04-01T13:27:27+08:00 ] 0.0.0.0 GET www.ljs.com/
[运行时间：0.031322s] [吞吐率：31.93req/s] [内存消耗：82.46kb] [文件加载：39]
[ info ] [ LANG ] E:\code\git\Fixed-Assets-Management-System\www\thinkphp\lang\zh-cn.php
[ info ] [ ROUTE ] array (
  'type' => 'module',
  'module' => 
  array (
    0 => '',
    1 => NULL,
    2 => NULL,
  ),
)
[ info ] [ HEADER ] array (
  'host' => 'www.ljs.com',
  'connection' => 'keep-alive',
  'pragma' => 'no-cache',
  'cache-control' => 'no-cache',
  'upgrade-insecure-requests' => '1',
  'user-agent' => 'Mozilla/5.0 (Windows NT 10.0; Win64; x64) AppleWebKit/537.36 (KHTML, like Gecko) Chrome/79.0.3945.117 Safari/537.36',
  'accept' => 'text/html,application/xhtml+xml,application/xml;q=0.9,image/webp,image/apng,*/*;q=0.8,application/signed-exchange;v=b3;q=0.9',
  'accept-encoding' => 'gzip, deflate',
  'accept-language' => 'zh-CN,zh;q=0.9',
  'cookie' => 'pgv_pvi=5757892608',
)
[ info ] [ PARAM ] array (
)
[ info ] [ RUN ] app\index\controller\Index->index[ E:\code\git\Fixed-Assets-Management-System\www\application\index\controller\Index.php ]
[ info ] [ VIEW ] E:\code\git\Fixed-Assets-Management-System\www\public/../application/index\view\index\index.html [ array (
) ]
[ info ] [ LOG ] INIT File
