---------------------------------------------------------------
[ 2020-04-17T13:48:08+08:00 ] 0.0.0.0 GET www.ljs.com/
[运行时间：0.264354s] [吞吐率：3.78req/s] [内存消耗：220.91kb] [文件加载：43]
[ info ] [ LANG ] E:\code\git\Fixed-Assets-Management-System\www\thinkphp\lang\zh-cn.php
[ info ] [ ROUTE ] array (
  'type' => 'module',
  'module' => 
  array (
    0 => '',
    1 => NULL,
    2 => NULL,
  ),
)
[ info ] [ HEADER ] array (
  'host' => 'www.ljs.com',
  'connection' => 'keep-alive',
  'upgrade-insecure-requests' => '1',
  'user-agent' => 'Mozilla/5.0 (Windows NT 10.0; Win64; x64) AppleWebKit/537.36 (KHTML, like Gecko) Chrome/79.0.3945.117 Safari/537.36',
  'accept' => 'text/html,application/xhtml+xml,application/xml;q=0.9,image/webp,image/apng,*/*;q=0.8,application/signed-exchange;v=b3;q=0.9',
  'accept-encoding' => 'gzip, deflate',
  'accept-language' => 'zh-CN,zh;q=0.9',
  'cookie' => 'pgv_pvi=5757892608',
)
[ info ] [ PARAM ] array (
)
[ info ] [ RUN ] app\app\controller\Home->index[ E:\code\git\Fixed-Assets-Management-System\www\application\app\controller\Home.php ]
[ info ] [ SESSION ] INIT array (
  'id' => '',
  'var_session_id' => '',
  'prefix' => 'think',
  'type' => '',
  'auto_start' => true,
)
[ info ] [ VIEW ] E:\code\git\Fixed-Assets-Management-System\www\thinkphp\tpl\dispatch_error_jump.tpl [ array (
  0 => 'code',
  1 => 'msg',
  2 => 'data',
  3 => 'url',
  4 => 'wait',
) ]
[ info ] [ LOG ] INIT File
---------------------------------------------------------------
[ 2020-04-17T13:48:12+08:00 ] 0.0.0.0 GET www.ljs.com/login/home/index
[运行时间：0.047721s] [吞吐率：20.96req/s] [内存消耗：87.61kb] [文件加载：42]
[ info ] [ LANG ] E:\code\git\Fixed-Assets-Management-System\www\thinkphp\lang\zh-cn.php
[ info ] [ ROUTE ] array (
  'type' => 'module',
  'module' => 
  array (
    0 => 'login',
    1 => 'home',
    2 => 'index',
  ),
)
[ info ] [ HEADER ] array (
  'host' => 'www.ljs.com',
  'connection' => 'keep-alive',
  'upgrade-insecure-requests' => '1',
  'user-agent' => 'Mozilla/5.0 (Windows NT 10.0; Win64; x64) AppleWebKit/537.36 (KHTML, like Gecko) Chrome/79.0.3945.117 Safari/537.36',
  'accept' => 'text/html,application/xhtml+xml,application/xml;q=0.9,image/webp,image/apng,*/*;q=0.8,application/signed-exchange;v=b3;q=0.9',
  'referer' => 'http://www.ljs.com/',
  'accept-encoding' => 'gzip, deflate',
  'accept-language' => 'zh-CN,zh;q=0.9',
  'cookie' => 'pgv_pvi=5757892608; PHPSESSID=faig6fuh04gpg13kbntr6m7eod',
)
[ info ] [ PARAM ] array (
)
[ info ] [ RUN ] app\login\controller\Home->index[ E:\code\git\Fixed-Assets-Management-System\www\application\login\controller\Home.php ]
[ info ] [ VIEW ] E:\code\git\Fixed-Assets-Management-System\www\public/../application/login\view\home\index.html [ array (
) ]
[ info ] [ LOG ] INIT File
---------------------------------------------------------------
[ 2020-04-17T13:48:12+08:00 ] 0.0.0.0 GET www.ljs.com/static/layer/layer.js
[运行时间：0.033476s] [吞吐率：29.87req/s] [内存消耗：56.59kb] [文件加载：35]
[ info ] [ LANG ] E:\code\git\Fixed-Assets-Management-System\www\thinkphp\lang\zh-cn.php
[ info ] [ ROUTE ] array (
  'type' => 'module',
  'module' => 
  array (
    0 => 'static',
    1 => 'layer',
    2 => 'layer.js',
  ),
)
[ info ] [ HEADER ] array (
  'host' => 'www.ljs.com',
  'connection' => 'keep-alive',
  'user-agent' => 'Mozilla/5.0 (Windows NT 10.0; Win64; x64) AppleWebKit/537.36 (KHTML, like Gecko) Chrome/79.0.3945.117 Safari/537.36',
  'accept' => '*/*',
  'referer' => 'http://www.ljs.com/login/home/index',
  'accept-encoding' => 'gzip, deflate',
  'accept-language' => 'zh-CN,zh;q=0.9',
  'cookie' => 'pgv_pvi=5757892608; PHPSESSID=faig6fuh04gpg13kbntr6m7eod',
)
[ info ] [ PARAM ] array (
)
[ info ] [ LOG ] INIT File
---------------------------------------------------------------
[ 2020-04-17T13:48:12+08:00 ] 0.0.0.0 GET www.ljs.com/captcha.html
[运行时间：0.057894s] [吞吐率：17.27req/s] [内存消耗：74.72kb] [文件加载：34]
[ info ] [ LANG ] E:\code\git\Fixed-Assets-Management-System\www\thinkphp\lang\zh-cn.php
[ info ] [ ROUTE ] array (
  'type' => 'method',
  'method' => 
  array (
    0 => '\\think\\captcha\\CaptchaController',
    1 => 'index',
  ),
  'var' => 
  array (
  ),
)
[ info ] [ HEADER ] array (
  'host' => 'www.ljs.com',
  'connection' => 'keep-alive',
  'user-agent' => 'Mozilla/5.0 (Windows NT 10.0; Win64; x64) AppleWebKit/537.36 (KHTML, like Gecko) Chrome/79.0.3945.117 Safari/537.36',
  'accept' => 'image/webp,image/apng,image/*,*/*;q=0.8',
  'referer' => 'http://www.ljs.com/login/home/index',
  'accept-encoding' => 'gzip, deflate',
  'accept-language' => 'zh-CN,zh;q=0.9',
  'cookie' => 'pgv_pvi=5757892608; PHPSESSID=faig6fuh04gpg13kbntr6m7eod',
)
[ info ] [ PARAM ] array (
  'id' => NULL,
)
[ info ] [ RUN ] think\captcha\CaptchaController->index[ E:\code\git\Fixed-Assets-Management-System\www\vendor\topthink\think-captcha\src\CaptchaController.php ]
[ info ] [ SESSION ] INIT array (
  'id' => '',
  'var_session_id' => '',
  'prefix' => 'think',
  'type' => '',
  'auto_start' => true,
)
[ info ] [ LOG ] INIT File
---------------------------------------------------------------
[ 2020-04-17T13:48:12+08:00 ] 0.0.0.0 GET www.ljs.com/captcha.html
[运行时间：0.022358s] [吞吐率：44.73req/s] [内存消耗：73.63kb] [文件加载：34]
[ info ] [ LANG ] E:\code\git\Fixed-Assets-Management-System\www\thinkphp\lang\zh-cn.php
[ info ] [ ROUTE ] array (
  'type' => 'method',
  'method' => 
  array (
    0 => '\\think\\captcha\\CaptchaController',
    1 => 'index',
  ),
  'var' => 
  array (
  ),
)
[ info ] [ HEADER ] array (
  'host' => 'www.ljs.com',
  'connection' => 'keep-alive',
  'user-agent' => 'Mozilla/5.0 (Windows NT 10.0; Win64; x64) AppleWebKit/537.36 (KHTML, like Gecko) Chrome/79.0.3945.117 Safari/537.36',
  'accept' => 'image/webp,image/apng,image/*,*/*;q=0.8',
  'referer' => 'http://www.ljs.com/login/home/index',
  'accept-encoding' => 'gzip, deflate',
  'accept-language' => 'zh-CN,zh;q=0.9',
  'cookie' => 'pgv_pvi=5757892608; PHPSESSID=faig6fuh04gpg13kbntr6m7eod',
)
[ info ] [ PARAM ] array (
  'id' => NULL,
)
[ info ] [ RUN ] think\captcha\CaptchaController->index[ E:\code\git\Fixed-Assets-Management-System\www\vendor\topthink\think-captcha\src\CaptchaController.php ]
[ info ] [ SESSION ] INIT array (
  'id' => '',
  'var_session_id' => '',
  'prefix' => 'think',
  'type' => '',
  'auto_start' => true,
)
[ info ] [ LOG ] INIT File
