---------------------------------------------------------------
[ 2020-04-19T10:49:44+08:00 ] 0.0.0.0 GET www.ljs.com/
[运行时间：0.175863s] [吞吐率：5.69req/s] [内存消耗：220.91kb] [文件加载：43]
[ info ] [ LANG ] E:\code\git\Fixed-Assets-Management-System\www\thinkphp\lang\zh-cn.php
[ info ] [ ROUTE ] array (
  'type' => 'module',
  'module' => 
  array (
    0 => '',
    1 => NULL,
    2 => NULL,
  ),
)
[ info ] [ HEADER ] array (
  'host' => 'www.ljs.com',
  'connection' => 'keep-alive',
  'upgrade-insecure-requests' => '1',
  'user-agent' => 'Mozilla/5.0 (Windows NT 10.0; Win64; x64) AppleWebKit/537.36 (KHTML, like Gecko) Chrome/79.0.3945.117 Safari/537.36',
  'accept' => 'text/html,application/xhtml+xml,application/xml;q=0.9,image/webp,image/apng,*/*;q=0.8,application/signed-exchange;v=b3;q=0.9',
  'accept-encoding' => 'gzip, deflate',
  'accept-language' => 'zh-CN,zh;q=0.9',
  'cookie' => 'pgv_pvi=5757892608',
)
[ info ] [ PARAM ] array (
)
[ info ] [ RUN ] app\app\controller\Home->index[ E:\code\git\Fixed-Assets-Management-System\www\application\app\controller\Home.php ]
[ info ] [ SESSION ] INIT array (
  'id' => '',
  'var_session_id' => '',
  'prefix' => 'think',
  'type' => '',
  'auto_start' => true,
)
[ info ] [ VIEW ] E:\code\git\Fixed-Assets-Management-System\www\thinkphp\tpl\dispatch_error_jump.tpl [ array (
  0 => 'code',
  1 => 'msg',
  2 => 'data',
  3 => 'url',
  4 => 'wait',
) ]
[ info ] [ LOG ] INIT File
---------------------------------------------------------------
[ 2020-04-19T10:49:46+08:00 ] 0.0.0.0 GET www.ljs.com/login/home/index
[运行时间：0.034018s] [吞吐率：29.40req/s] [内存消耗：87.61kb] [文件加载：42]
[ info ] [ LANG ] E:\code\git\Fixed-Assets-Management-System\www\thinkphp\lang\zh-cn.php
[ info ] [ ROUTE ] array (
  'type' => 'module',
  'module' => 
  array (
    0 => 'login',
    1 => 'home',
    2 => 'index',
  ),
)
[ info ] [ HEADER ] array (
  'host' => 'www.ljs.com',
  'connection' => 'keep-alive',
  'upgrade-insecure-requests' => '1',
  'user-agent' => 'Mozilla/5.0 (Windows NT 10.0; Win64; x64) AppleWebKit/537.36 (KHTML, like Gecko) Chrome/79.0.3945.117 Safari/537.36',
  'accept' => 'text/html,application/xhtml+xml,application/xml;q=0.9,image/webp,image/apng,*/*;q=0.8,application/signed-exchange;v=b3;q=0.9',
  'referer' => 'http://www.ljs.com/',
  'accept-encoding' => 'gzip, deflate',
  'accept-language' => 'zh-CN,zh;q=0.9',
  'cookie' => 'pgv_pvi=5757892608; PHPSESSID=26t8ut7sh32mavef0ta839sanb',
)
[ info ] [ PARAM ] array (
)
[ info ] [ RUN ] app\login\controller\Home->index[ E:\code\git\Fixed-Assets-Management-System\www\application\login\controller\Home.php ]
[ info ] [ VIEW ] E:\code\git\Fixed-Assets-Management-System\www\public/../application/login\view\home\index.html [ array (
) ]
[ info ] [ LOG ] INIT File
---------------------------------------------------------------
[ 2020-04-19T10:49:46+08:00 ] 0.0.0.0 GET www.ljs.com/static/layer/layer.js
[运行时间：0.022951s] [吞吐率：43.57req/s] [内存消耗：56.59kb] [文件加载：35]
[ info ] [ LANG ] E:\code\git\Fixed-Assets-Management-System\www\thinkphp\lang\zh-cn.php
[ info ] [ ROUTE ] array (
  'type' => 'module',
  'module' => 
  array (
    0 => 'static',
    1 => 'layer',
    2 => 'layer.js',
  ),
)
[ info ] [ HEADER ] array (
  'host' => 'www.ljs.com',
  'connection' => 'keep-alive',
  'user-agent' => 'Mozilla/5.0 (Windows NT 10.0; Win64; x64) AppleWebKit/537.36 (KHTML, like Gecko) Chrome/79.0.3945.117 Safari/537.36',
  'accept' => '*/*',
  'referer' => 'http://www.ljs.com/login/home/index',
  'accept-encoding' => 'gzip, deflate',
  'accept-language' => 'zh-CN,zh;q=0.9',
  'cookie' => 'pgv_pvi=5757892608; PHPSESSID=26t8ut7sh32mavef0ta839sanb',
)
[ info ] [ PARAM ] array (
)
[ info ] [ LOG ] INIT File
---------------------------------------------------------------
[ 2020-04-19T10:49:46+08:00 ] 0.0.0.0 GET www.ljs.com/captcha.html
[运行时间：0.038967s] [吞吐率：25.66req/s] [内存消耗：74.72kb] [文件加载：34]
[ info ] [ LANG ] E:\code\git\Fixed-Assets-Management-System\www\thinkphp\lang\zh-cn.php
[ info ] [ ROUTE ] array (
  'type' => 'method',
  'method' => 
  array (
    0 => '\\think\\captcha\\CaptchaController',
    1 => 'index',
  ),
  'var' => 
  array (
  ),
)
[ info ] [ HEADER ] array (
  'host' => 'www.ljs.com',
  'connection' => 'keep-alive',
  'user-agent' => 'Mozilla/5.0 (Windows NT 10.0; Win64; x64) AppleWebKit/537.36 (KHTML, like Gecko) Chrome/79.0.3945.117 Safari/537.36',
  'accept' => 'image/webp,image/apng,image/*,*/*;q=0.8',
  'referer' => 'http://www.ljs.com/login/home/index',
  'accept-encoding' => 'gzip, deflate',
  'accept-language' => 'zh-CN,zh;q=0.9',
  'cookie' => 'pgv_pvi=5757892608; PHPSESSID=26t8ut7sh32mavef0ta839sanb',
)
[ info ] [ PARAM ] array (
  'id' => NULL,
)
[ info ] [ RUN ] think\captcha\CaptchaController->index[ E:\code\git\Fixed-Assets-Management-System\www\vendor\topthink\think-captcha\src\CaptchaController.php ]
[ info ] [ SESSION ] INIT array (
  'id' => '',
  'var_session_id' => '',
  'prefix' => 'think',
  'type' => '',
  'auto_start' => true,
)
[ info ] [ LOG ] INIT File
---------------------------------------------------------------
[ 2020-04-19T10:49:48+08:00 ] 0.0.0.0 GET www.ljs.com/login/home/login/phone/15541850199
[运行时间：0.117927s] [吞吐率：8.48req/s] [内存消耗：272.20kb] [文件加载：51]
[ info ] [ LANG ] E:\code\git\Fixed-Assets-Management-System\www\thinkphp\lang\zh-cn.php
[ info ] [ ROUTE ] array (
  'type' => 'module',
  'module' => 
  array (
    0 => 'login',
    1 => 'home',
    2 => 'login',
  ),
)
[ info ] [ HEADER ] array (
  'host' => 'www.ljs.com',
  'connection' => 'keep-alive',
  'upgrade-insecure-requests' => '1',
  'user-agent' => 'Mozilla/5.0 (Windows NT 10.0; Win64; x64) AppleWebKit/537.36 (KHTML, like Gecko) Chrome/79.0.3945.117 Safari/537.36',
  'accept' => 'text/html,application/xhtml+xml,application/xml;q=0.9,image/webp,image/apng,*/*;q=0.8,application/signed-exchange;v=b3;q=0.9',
  'referer' => 'http://www.ljs.com/login/home/index',
  'accept-encoding' => 'gzip, deflate',
  'accept-language' => 'zh-CN,zh;q=0.9',
  'cookie' => 'pgv_pvi=5757892608; PHPSESSID=26t8ut7sh32mavef0ta839sanb',
)
[ info ] [ PARAM ] array (
  'phone' => '15541850199',
)
[ info ] [ RUN ] app\login\controller\Home->login[ E:\code\git\Fixed-Assets-Management-System\www\application\login\controller\Home.php ]
[ info ] [ DB ] INIT mysql
[ info ] [ SESSION ] INIT array (
  'id' => '',
  'var_session_id' => '',
  'prefix' => 'think',
  'type' => '',
  'auto_start' => true,
)
[ info ] [ VIEW ] E:\code\git\Fixed-Assets-Management-System\www\thinkphp\tpl\dispatch_success_jump.tpl [ array (
  0 => 'code',
  1 => 'msg',
  2 => 'data',
  3 => 'url',
  4 => 'wait',
) ]
[ info ] [ LOG ] INIT File
[ sql ] [ DB ] CONNECT:[ UseTime:0.004131s ] mysql:host=127.0.0.1;dbname=fams;charset=utf8
[ sql ] [ SQL ] SHOW COLUMNS FROM `fams_user` [ RunTime:0.025738s ]
[ sql ] [ SQL ] SELECT * FROM `fams_user` WHERE  `u_phone` = '15541850199'  AND `u_exist` = 1 [ RunTime:0.013197s ]
[ sql ] [ SQL ] SELECT * FROM `fams_user` WHERE  `u_id` = 1 [ RunTime:0.000824s ]
---------------------------------------------------------------
[ 2020-04-19T10:49:50+08:00 ] 0.0.0.0 GET www.ljs.com/app/home/index
[运行时间：0.075637s] [吞吐率：13.22req/s] [内存消耗：216.52kb] [文件加载：52]
[ info ] [ LANG ] E:\code\git\Fixed-Assets-Management-System\www\thinkphp\lang\zh-cn.php
[ info ] [ ROUTE ] array (
  'type' => 'module',
  'module' => 
  array (
    0 => 'app',
    1 => 'home',
    2 => 'index',
  ),
)
[ info ] [ HEADER ] array (
  'host' => 'www.ljs.com',
  'connection' => 'keep-alive',
  'upgrade-insecure-requests' => '1',
  'user-agent' => 'Mozilla/5.0 (Windows NT 10.0; Win64; x64) AppleWebKit/537.36 (KHTML, like Gecko) Chrome/79.0.3945.117 Safari/537.36',
  'accept' => 'text/html,application/xhtml+xml,application/xml;q=0.9,image/webp,image/apng,*/*;q=0.8,application/signed-exchange;v=b3;q=0.9',
  'referer' => 'http://www.ljs.com/login/home/login/phone/15541850199',
  'accept-encoding' => 'gzip, deflate',
  'accept-language' => 'zh-CN,zh;q=0.9',
  'cookie' => 'pgv_pvi=5757892608; PHPSESSID=26t8ut7sh32mavef0ta839sanb',
)
[ info ] [ PARAM ] array (
)
[ info ] [ RUN ] app\app\controller\Home->index[ E:\code\git\Fixed-Assets-Management-System\www\application\app\controller\Home.php ]
[ info ] [ SESSION ] INIT array (
  'id' => '',
  'var_session_id' => '',
  'prefix' => 'think',
  'type' => '',
  'auto_start' => true,
)
[ info ] [ DB ] INIT mysql
[ info ] [ VIEW ] E:\code\git\Fixed-Assets-Management-System\www\public/../application/app\view\home\index.html [ array (
  0 => 'uName',
  1 => 'uHead',
  2 => 'powerNo',
) ]
[ info ] [ LOG ] INIT File
[ sql ] [ DB ] CONNECT:[ UseTime:0.012905s ] mysql:host=127.0.0.1;dbname=fams;charset=utf8
[ sql ] [ SQL ] SHOW COLUMNS FROM `fams_user` [ RunTime:0.013141s ]
[ sql ] [ SQL ] SELECT * FROM `fams_user` WHERE  `u_id` = 1 [ RunTime:0.000934s ]
[ sql ] [ SQL ] SELECT * FROM `fams_user` WHERE  `u_id` = 1 [ RunTime:0.000893s ]
[ sql ] [ SQL ] SHOW COLUMNS FROM `fams_person` [ RunTime:0.015508s ]
[ sql ] [ SQL ] SELECT * FROM `fams_person` WHERE  `p_id` = 1 [ RunTime:0.000987s ]
[ sql ] [ SQL ] SELECT * FROM `fams_user` WHERE  `u_id` = 1 [ RunTime:0.000698s ]
[ sql ] [ SQL ] SELECT * FROM `fams_user` WHERE  `u_id` = 1 [ RunTime:0.000685s ]
[ sql ] [ SQL ] SELECT * FROM `fams_user` WHERE  `u_id` = 1 [ RunTime:0.000684s ]
[ sql ] [ SQL ] SELECT * FROM `fams_user` WHERE  `u_id` = 1 [ RunTime:0.000652s ]
[ sql ] [ SQL ] SELECT * FROM `fams_person` WHERE  `p_id` = 1 [ RunTime:0.000638s ]
[ sql ] [ SQL ] SELECT * FROM `fams_user` WHERE  `u_id` = 1 [ RunTime:0.000630s ]
[ sql ] [ SQL ] SELECT * FROM `fams_user` WHERE  `u_id` = 1 [ RunTime:0.000789s ]
---------------------------------------------------------------
[ 2020-04-19T10:49:55+08:00 ] 0.0.0.0 GET www.ljs.com/app/assetcategory
[运行时间：0.093913s] [吞吐率：10.65req/s] [内存消耗：216.39kb] [文件加载：52]
[ info ] [ LANG ] E:\code\git\Fixed-Assets-Management-System\www\thinkphp\lang\zh-cn.php
[ info ] [ ROUTE ] array (
  'type' => 'module',
  'module' => 
  array (
    0 => 'app',
    1 => 'assetcategory',
    2 => NULL,
  ),
)
[ info ] [ HEADER ] array (
  'host' => 'www.ljs.com',
  'connection' => 'keep-alive',
  'upgrade-insecure-requests' => '1',
  'user-agent' => 'Mozilla/5.0 (Windows NT 10.0; Win64; x64) AppleWebKit/537.36 (KHTML, like Gecko) Chrome/79.0.3945.117 Safari/537.36',
  'accept' => 'text/html,application/xhtml+xml,application/xml;q=0.9,image/webp,image/apng,*/*;q=0.8,application/signed-exchange;v=b3;q=0.9',
  'referer' => 'http://www.ljs.com/app/home/index',
  'accept-encoding' => 'gzip, deflate',
  'accept-language' => 'zh-CN,zh;q=0.9',
  'cookie' => 'pgv_pvi=5757892608; PHPSESSID=26t8ut7sh32mavef0ta839sanb',
)
[ info ] [ PARAM ] array (
)
[ info ] [ RUN ] app\app\controller\Assetcategory->index[ E:\code\git\Fixed-Assets-Management-System\www\application\app\controller\Assetcategory.php ]
[ info ] [ SESSION ] INIT array (
  'id' => '',
  'var_session_id' => '',
  'prefix' => 'think',
  'type' => '',
  'auto_start' => true,
)
[ info ] [ DB ] INIT mysql
[ info ] [ VIEW ] E:\code\git\Fixed-Assets-Management-System\www\public/../application/app\view\assetcategory\index.html [ array (
  0 => 'uName',
  1 => 'uHead',
  2 => 'powerNo',
) ]
[ info ] [ LOG ] INIT File
[ sql ] [ DB ] CONNECT:[ UseTime:0.012169s ] mysql:host=127.0.0.1;dbname=fams;charset=utf8
[ sql ] [ SQL ] SHOW COLUMNS FROM `fams_user` [ RunTime:0.012575s ]
[ sql ] [ SQL ] SELECT * FROM `fams_user` WHERE  `u_id` = 1 [ RunTime:0.000893s ]
[ sql ] [ SQL ] SELECT * FROM `fams_user` WHERE  `u_id` = 1 [ RunTime:0.000795s ]
[ sql ] [ SQL ] SHOW COLUMNS FROM `fams_person` [ RunTime:0.012040s ]
[ sql ] [ SQL ] SELECT * FROM `fams_person` WHERE  `p_id` = 1 [ RunTime:0.000822s ]
[ sql ] [ SQL ] SELECT * FROM `fams_user` WHERE  `u_id` = 1 [ RunTime:0.000797s ]
[ sql ] [ SQL ] SELECT * FROM `fams_user` WHERE  `u_id` = 1 [ RunTime:0.000799s ]
[ sql ] [ SQL ] SELECT * FROM `fams_user` WHERE  `u_id` = 1 [ RunTime:0.000790s ]
[ sql ] [ SQL ] SELECT * FROM `fams_user` WHERE  `u_id` = 1 [ RunTime:0.000784s ]
[ sql ] [ SQL ] SELECT * FROM `fams_person` WHERE  `p_id` = 1 [ RunTime:0.000807s ]
[ sql ] [ SQL ] SELECT * FROM `fams_user` WHERE  `u_id` = 1 [ RunTime:0.000932s ]
[ sql ] [ SQL ] SELECT * FROM `fams_user` WHERE  `u_id` = 1 [ RunTime:0.000832s ]
---------------------------------------------------------------
[ 2020-04-19T10:49:56+08:00 ] 0.0.0.0 GET www.ljs.com/app/assetcategory/selectCate?page=1&limit=10
[运行时间：0.099299s] [吞吐率：10.07req/s] [内存消耗：215.34kb] [文件加载：53]
[ info ] [ LANG ] E:\code\git\Fixed-Assets-Management-System\www\thinkphp\lang\zh-cn.php
[ info ] [ ROUTE ] array (
  'type' => 'module',
  'module' => 
  array (
    0 => 'app',
    1 => 'assetcategory',
    2 => 'selectCate',
  ),
)
[ info ] [ HEADER ] array (
  'host' => 'www.ljs.com',
  'connection' => 'keep-alive',
  'accept' => 'application/json, text/javascript, */*; q=0.01',
  'x-requested-with' => 'XMLHttpRequest',
  'user-agent' => 'Mozilla/5.0 (Windows NT 10.0; Win64; x64) AppleWebKit/537.36 (KHTML, like Gecko) Chrome/79.0.3945.117 Safari/537.36',
  'referer' => 'http://www.ljs.com/app/assetcategory',
  'accept-encoding' => 'gzip, deflate',
  'accept-language' => 'zh-CN,zh;q=0.9',
  'cookie' => 'pgv_pvi=5757892608; PHPSESSID=26t8ut7sh32mavef0ta839sanb',
)
[ info ] [ PARAM ] array (
  'page' => '1',
  'limit' => '10',
)
[ info ] [ RUN ] app\app\controller\Assetcategory->selectCate[ E:\code\git\Fixed-Assets-Management-System\www\application\app\controller\Assetcategory.php ]
[ info ] [ SESSION ] INIT array (
  'id' => '',
  'var_session_id' => '',
  'prefix' => 'think',
  'type' => '',
  'auto_start' => true,
)
[ info ] [ DB ] INIT mysql
[ info ] [ LOG ] INIT File
[ sql ] [ DB ] CONNECT:[ UseTime:0.004096s ] mysql:host=127.0.0.1;dbname=fams;charset=utf8
[ sql ] [ SQL ] SHOW COLUMNS FROM `fams_user` [ RunTime:0.015418s ]
[ sql ] [ SQL ] SELECT * FROM `fams_user` WHERE  `u_id` = 1 [ RunTime:0.001417s ]
[ sql ] [ SQL ] SELECT * FROM `fams_user` WHERE  `u_id` = 1 [ RunTime:0.001166s ]
[ sql ] [ SQL ] SHOW COLUMNS FROM `fams_person` [ RunTime:0.016264s ]
[ sql ] [ SQL ] SELECT * FROM `fams_person` WHERE  `p_id` = 1 [ RunTime:0.001283s ]
[ sql ] [ SQL ] SELECT * FROM `fams_user` WHERE  `u_id` = 1 [ RunTime:0.001039s ]
[ sql ] [ SQL ] SELECT * FROM `fams_user` WHERE  `u_id` = 1 [ RunTime:0.000941s ]
[ sql ] [ SQL ] SHOW COLUMNS FROM `fams_category` [ RunTime:0.019568s ]
[ sql ] [ SQL ] SELECT * FROM `fams_category` WHERE  `cate_exist` = '1' ORDER BY `cate_id` [ RunTime:0.001300s ]
[ sql ] [ SQL ] SELECT * FROM `fams_category` WHERE  `cate_exist` = '1' ORDER BY `cate_id` LIMIT 0,10 [ RunTime:0.002079s ]
---------------------------------------------------------------
[ 2020-04-19T10:50:11+08:00 ] 0.0.0.0 GET www.ljs.com/app/assetimport
[运行时间：0.096390s] [吞吐率：10.37req/s] [内存消耗：216.35kb] [文件加载：52]
[ info ] [ LANG ] E:\code\git\Fixed-Assets-Management-System\www\thinkphp\lang\zh-cn.php
[ info ] [ ROUTE ] array (
  'type' => 'module',
  'module' => 
  array (
    0 => 'app',
    1 => 'assetimport',
    2 => NULL,
  ),
)
[ info ] [ HEADER ] array (
  'host' => 'www.ljs.com',
  'connection' => 'keep-alive',
  'upgrade-insecure-requests' => '1',
  'user-agent' => 'Mozilla/5.0 (Windows NT 10.0; Win64; x64) AppleWebKit/537.36 (KHTML, like Gecko) Chrome/79.0.3945.117 Safari/537.36',
  'accept' => 'text/html,application/xhtml+xml,application/xml;q=0.9,image/webp,image/apng,*/*;q=0.8,application/signed-exchange;v=b3;q=0.9',
  'referer' => 'http://www.ljs.com/app/assetcategory',
  'accept-encoding' => 'gzip, deflate',
  'accept-language' => 'zh-CN,zh;q=0.9',
  'cookie' => 'pgv_pvi=5757892608; PHPSESSID=26t8ut7sh32mavef0ta839sanb',
)
[ info ] [ PARAM ] array (
)
[ info ] [ RUN ] app\app\controller\Assetimport->index[ E:\code\git\Fixed-Assets-Management-System\www\application\app\controller\Assetimport.php ]
[ info ] [ SESSION ] INIT array (
  'id' => '',
  'var_session_id' => '',
  'prefix' => 'think',
  'type' => '',
  'auto_start' => true,
)
[ info ] [ DB ] INIT mysql
[ info ] [ VIEW ] E:\code\git\Fixed-Assets-Management-System\www\public/../application/app\view\assetimport\index.html [ array (
  0 => 'uName',
  1 => 'uHead',
  2 => 'powerNo',
) ]
[ info ] [ LOG ] INIT File
[ sql ] [ DB ] CONNECT:[ UseTime:0.011417s ] mysql:host=127.0.0.1;dbname=fams;charset=utf8
[ sql ] [ SQL ] SHOW COLUMNS FROM `fams_user` [ RunTime:0.017469s ]
[ sql ] [ SQL ] SELECT * FROM `fams_user` WHERE  `u_id` = 1 [ RunTime:0.001289s ]
[ sql ] [ SQL ] SELECT * FROM `fams_user` WHERE  `u_id` = 1 [ RunTime:0.001210s ]
[ sql ] [ SQL ] SHOW COLUMNS FROM `fams_person` [ RunTime:0.012858s ]
[ sql ] [ SQL ] SELECT * FROM `fams_person` WHERE  `p_id` = 1 [ RunTime:0.001399s ]
[ sql ] [ SQL ] SELECT * FROM `fams_user` WHERE  `u_id` = 1 [ RunTime:0.001228s ]
[ sql ] [ SQL ] SELECT * FROM `fams_user` WHERE  `u_id` = 1 [ RunTime:0.001175s ]
[ sql ] [ SQL ] SELECT * FROM `fams_user` WHERE  `u_id` = 1 [ RunTime:0.001137s ]
[ sql ] [ SQL ] SELECT * FROM `fams_user` WHERE  `u_id` = 1 [ RunTime:0.001084s ]
[ sql ] [ SQL ] SELECT * FROM `fams_person` WHERE  `p_id` = 1 [ RunTime:0.001153s ]
[ sql ] [ SQL ] SELECT * FROM `fams_user` WHERE  `u_id` = 1 [ RunTime:0.001167s ]
[ sql ] [ SQL ] SELECT * FROM `fams_user` WHERE  `u_id` = 1 [ RunTime:0.001172s ]
